-------------------------------------------------------------------------------
Test set: Integration.Singleton.SingletonAndFacadeIntegrationTest
-------------------------------------------------------------------------------
Tests run: 6, Failures: 2, Errors: 0, Skipped: 0, Time elapsed: 0.039 s <<< FAILURE! -- in Integration.Singleton.SingletonAndFacadeIntegrationTest
Integration.Singleton.SingletonAndFacadeIntegrationTest.debeCompartirConfiguracionEntreDiferentesComponentes -- Time elapsed: 0.006 s <<< FAILURE!
org.opentest4j.AssertionFailedError: El ambiente debe ser consistente ==> expected: <pruebas> but was: <producción>
	at org.junit.jupiter.api.AssertionFailureBuilder.build(AssertionFailureBuilder.java:151)
	at org.junit.jupiter.api.AssertionFailureBuilder.buildAndThrow(AssertionFailureBuilder.java:132)
	at org.junit.jupiter.api.AssertEquals.failNotEqual(AssertEquals.java:197)
	at org.junit.jupiter.api.AssertEquals.assertEquals(AssertEquals.java:182)
	at org.junit.jupiter.api.Assertions.assertEquals(Assertions.java:1152)
	at Integration.Singleton.SingletonAndFacadeIntegrationTest.debeCompartirConfiguracionEntreDiferentesComponentes(SingletonAndFacadeIntegrationTest.java:72)
	at java.base/java.lang.reflect.Method.invoke(Method.java:580)
	at java.base/java.util.ArrayList.forEach(ArrayList.java:1597)
	at java.base/java.util.ArrayList.forEach(ArrayList.java:1597)

Integration.Singleton.SingletonAndFacadeIntegrationTest.debeMantenerConfiguracionEntreReiniciosSubsistemas -- Time elapsed: 0.005 s <<< FAILURE!
org.opentest4j.AssertionFailedError: expected: <staging> but was: <producción>
	at org.junit.jupiter.api.AssertionFailureBuilder.build(AssertionFailureBuilder.java:151)
	at org.junit.jupiter.api.AssertionFailureBuilder.buildAndThrow(AssertionFailureBuilder.java:132)
	at org.junit.jupiter.api.AssertEquals.failNotEqual(AssertEquals.java:197)
	at org.junit.jupiter.api.AssertEquals.assertEquals(AssertEquals.java:182)
	at org.junit.jupiter.api.AssertEquals.assertEquals(AssertEquals.java:177)
	at org.junit.jupiter.api.Assertions.assertEquals(Assertions.java:1141)
	at Integration.Singleton.SingletonAndFacadeIntegrationTest.debeMantenerConfiguracionEntreReiniciosSubsistemas(SingletonAndFacadeIntegrationTest.java:140)
	at java.base/java.lang.reflect.Method.invoke(Method.java:580)
	at java.base/java.util.ArrayList.forEach(ArrayList.java:1597)
	at java.base/java.util.ArrayList.forEach(ArrayList.java:1597)

