-------------------------------------------------------------------------------
Test set: Junit.observer.InventorySubjectTest
-------------------------------------------------------------------------------
Tests run: 41, Failures: 2, Errors: 1, Skipped: 0, Time elapsed: 2.759 s <<< FAILURE! -- in Junit.observer.InventorySubjectTest
Junit.observer.InventorySubjectTest.setMinThresholdExtremos -- Time elapsed: 0.026 s <<< FAILURE!
org.mockito.exceptions.verification.NeverWantedButInvoked: 

farmaObserver.update("Ex2", <any integer>);
Never wanted here:
-> at Junit.observer.InventorySubjectTest.setMinThresholdExtremos(InventorySubjectTest.java:250)
But invoked here:
-> at patrones_farmacia.observer.model.InventorySubject.notifyObservers(InventorySubject.java:31) with arguments: [Ex2, 499]

	at Junit.observer.InventorySubjectTest.setMinThresholdExtremos(InventorySubjectTest.java:250)
	at java.base/java.lang.reflect.Method.invoke(Method.java:580)
	at java.base/java.util.ArrayList.forEach(ArrayList.java:1597)
	at java.base/java.util.ArrayList.forEach(ArrayList.java:1597)

Junit.observer.InventorySubjectTest.addObserverNullIsIgnored -- Time elapsed: 0.002 s <<< ERROR!
java.lang.NullPointerException: Cannot invoke "patrones_farmacia.observer.model.FarmaObserver.update(String, int)" because "obs" is null
	at patrones_farmacia.observer.model.InventorySubject.notifyObservers(InventorySubject.java:31)
	at patrones_farmacia.observer.model.InventorySubject.reduceStock(InventorySubject.java:48)
	at Junit.observer.InventorySubjectTest.addObserverNullIsIgnored(InventorySubjectTest.java:380)
	at java.base/java.lang.reflect.Method.invoke(Method.java:580)
	at java.base/java.util.ArrayList.forEach(ArrayList.java:1597)
	at java.base/java.util.ArrayList.forEach(ArrayList.java:1597)

Junit.observer.InventorySubjectTest.negativeIncreaseIsIgnored -- Time elapsed: 0.002 s <<< FAILURE!
org.opentest4j.AssertionFailedError: expected: <5> but was: <2>
	at org.junit.jupiter.api.AssertionFailureBuilder.build(AssertionFailureBuilder.java:151)
	at org.junit.jupiter.api.AssertionFailureBuilder.buildAndThrow(AssertionFailureBuilder.java:132)
	at org.junit.jupiter.api.AssertEquals.failNotEqual(AssertEquals.java:197)
	at org.junit.jupiter.api.AssertEquals.assertEquals(AssertEquals.java:150)
	at org.junit.jupiter.api.AssertEquals.assertEquals(AssertEquals.java:145)
	at org.junit.jupiter.api.Assertions.assertEquals(Assertions.java:527)
	at Junit.observer.InventorySubjectTest.negativeIncreaseIsIgnored(InventorySubjectTest.java:372)
	at java.base/java.lang.reflect.Method.invoke(Method.java:580)
	at java.base/java.util.ArrayList.forEach(ArrayList.java:1597)
	at java.base/java.util.ArrayList.forEach(ArrayList.java:1597)

