<?xml version="1.0" encoding="UTF-8"?>
<testsuite xmlns:xsi="http://www.w3.org/2001/XMLSchema-instance" xsi:noNamespaceSchemaLocation="https://maven.apache.org/surefire/maven-surefire-plugin/xsd/surefire-test-report-3.0.xsd" version="3.0" name="Integration.factoryMethod.FactoryAndFacadeIntegrationTest" time="0.046" tests="6" errors="0" skipped="0" failures="0">
  <properties>
[...]
</properties>
  <testcase name="debeProcesarVentaMedicamentoMarcaConTarjeta" classname="Integration.factoryMethod.FactoryAndFacadeIntegrationTest" time="0.004">
    <system-out><![CDATA[
Procesando venta #INT-003
Pago con tarjeta realizado correctamente.

=== RECIBO DE VENTA ===
Cliente: Roberto Díaz
Medicamentos comprados:
- Aspirina Protect ($15000.0)
TOTAL: $15000.0
=========================
Venta completada con éxito.
]]></system-out>
  </testcase>
  <testcase name="debeValidarFlujoCompletoDesdCreacionHastaVenta" classname="Integration.factoryMethod.FactoryAndFacadeIntegrationTest" time="0.007">
    <system-out><![CDATA[
Procesando venta #INT-005
Pago en efectivo realizado. Cambio: $37700.0

=== RECIBO DE VENTA ===
Cliente: Pedro Ramírez
Medicamentos comprados:
- Acetaminofén ($2800.0)
- Advil ($9500.0)
TOTAL: $12300.0
=========================
Venta completada con éxito.
]]></system-out>
  </testcase>
  <testcase name="debeIntegrarMultiplesMedicamentosConVenta" classname="Integration.factoryMethod.FactoryAndFacadeIntegrationTest" time="0.004">
    <system-out><![CDATA[
Procesando venta #INT-002
Pago en efectivo realizado. Cambio: $40500.0

=== RECIBO DE VENTA ===
Cliente: María González
Medicamentos comprados:
- Paracetamol ($3000.0)
- Dolex Forte ($6500.0)
TOTAL: $9500.0
=========================
Venta completada con éxito.
]]></system-out>
  </testcase>
  <testcase name="debeProcesarVentaMedicamentoGenericoConBilletera" classname="Integration.factoryMethod.FactoryAndFacadeIntegrationTest" time="0.004">
    <system-out><![CDATA[
Procesando venta #INT-004
Transferencia desde E-Wallet exitosa.

=== RECIBO DE VENTA ===
Cliente: Laura Méndez
Medicamentos comprados:
- Amoxicilina ($8000.0)
TOTAL: $8000.0
=========================
Venta completada con éxito.
]]></system-out>
  </testcase>
  <testcase name="debeIntegrarTiposMedicamentosConMetodosPago" classname="Integration.factoryMethod.FactoryAndFacadeIntegrationTest" time="0.004">
    <system-out><![CDATA[
Procesando venta #INT-006
Pago en efectivo realizado. Cambio: $45500.0

=== RECIBO DE VENTA ===
Cliente: Cliente A
Medicamentos comprados:
- Loratadina ($4500.0)
TOTAL: $4500.0
=========================
Venta completada con éxito.

Procesando venta #INT-007
Pago con tarjeta realizado correctamente.

=== RECIBO DE VENTA ===
Cliente: Cliente B
Medicamentos comprados:
- Claritin ($18000.0)
TOTAL: $18000.0
=========================
Venta completada con éxito.
]]></system-out>
  </testcase>
  <testcase name="debeCrearMedicamentoYProcesarConFacade" classname="Integration.factoryMethod.FactoryAndFacadeIntegrationTest" time="0.006">
    <system-out><![CDATA[
Procesando venta #INT-001
Pago en efectivo realizado. Cambio: $47500.0

=== RECIBO DE VENTA ===
Cliente: Cliente Integración
Medicamentos comprados:
- Ibuprofeno ($2500.0)
TOTAL: $2500.0
=========================
Venta completada con éxito.
]]></system-out>
  </testcase>
</testsuite>