<?xml version="1.0" encoding="UTF-8"?>
<testsuite xmlns:xsi="http://www.w3.org/2001/XMLSchema-instance" xsi:noNamespaceSchemaLocation="https://maven.apache.org/surefire/maven-surefire-plugin/xsd/surefire-test-report-3.0.xsd" version="3.0" name="Junit.adapter.PaymentControllerTest" time="0.452" tests="48" errors="0" skipped="0" failures="1">
  <properties>
[...]
</properties>
  <testcase name="creditCardPaymentEqualToLimit" classname="Junit.adapter.PaymentControllerTest" time="0.007"/>
  <testcase name="zeroPaymentCash" classname="Junit.adapter.PaymentControllerTest" time="0.003"/>
  <testcase name="testEWalletSequenceAndDepletion" classname="Junit.adapter.PaymentControllerTest" time="0.003"/>
  <testcase name="adapterWithOneNullMethod" classname="Junit.adapter.PaymentControllerTest" time="0.039"/>
  <testcase name="testPaymentConsoleRunCompletes" classname="Junit.adapter.PaymentControllerTest" time="0.045"/>
  <testcase name="testCreditCardZeroPayment" classname="Junit.adapter.PaymentControllerTest" time="0.003"/>
  <testcase name="testPaymentControllerProcessPayment" classname="Junit.adapter.PaymentControllerTest" time="0.003"/>
  <testcase name="testCashPaymentFailInsufficient" classname="Junit.adapter.PaymentControllerTest" time="0.002"/>
  <testcase name="testNegativeAmountReturnsFalse" classname="Junit.adapter.PaymentControllerTest" time="0.002"/>
  <testcase name="testNullModeReturnsFalse" classname="Junit.adapter.PaymentControllerTest" time="0.012"/>
  <testcase name="testAdapterSwitchModesSequentially" classname="Junit.adapter.PaymentControllerTest" time="0.002"/>
  <testcase name="testModeCaseInsensitive" classname="Junit.adapter.PaymentControllerTest" time="0.014"/>
  <testcase name="zeroPaymentCreditCard" classname="Junit.adapter.PaymentControllerTest" time="0.002"/>
  <testcase name="testCashExactBoundary" classname="Junit.adapter.PaymentControllerTest" time="0.003"/>
  <testcase name="eWalletUnderBalance" classname="Junit.adapter.PaymentControllerTest" time="0.002"/>
  <testcase name="mixedCaseModeNames" classname="Junit.adapter.PaymentControllerTest" time="0.002"/>
  <testcase name="concurrentAdapterOperations" classname="Junit.adapter.PaymentControllerTest" time="0.135"/>
  <testcase name="eWalletMultipleTransfersReduceBalance" classname="Junit.adapter.PaymentControllerTest" time="0.003"/>
  <testcase name="adapterGetNameUnknownAndNull" classname="Junit.adapter.PaymentControllerTest" time="0.001"/>
  <testcase name="eWalletExactBalance" classname="Junit.adapter.PaymentControllerTest" time="0.003"/>
  <testcase name="zeroPaymentEWallet" classname="Junit.adapter.PaymentControllerTest" time="0.001"/>
  <testcase name="creditCardMultiplePaymentsReduceLimit" classname="Junit.adapter.PaymentControllerTest" time="0.002"/>
  <testcase name="creditCardPrintsMessageSuccess" classname="Junit.adapter.PaymentControllerTest" time="0.002"/>
  <testcase name="adapterPrintsUnsupportedModeMessage" classname="Junit.adapter.PaymentControllerTest" time="0.003"/>
  <testcase name="cashMethodPrintsMessageSuccess" classname="Junit.adapter.PaymentControllerTest" time="0.002"/>
  <testcase name="eWalletPrintsMessageSuccess" classname="Junit.adapter.PaymentControllerTest" time="0.001"/>
  <testcase name="concurrentPaymentsDoNotThrow" classname="Junit.adapter.PaymentControllerTest" time="0.006"/>
  <testcase name="multipleModeSwitches" classname="Junit.adapter.PaymentControllerTest" time="0.008">
    <failure message="expected: &lt;9700.0&gt; but was: &lt;9900.0&gt;" type="org.opentest4j.AssertionFailedError"><![CDATA[org.opentest4j.AssertionFailedError: expected: <9700.0> but was: <9900.0>
	at org.junit.jupiter.api.AssertionFailureBuilder.build(AssertionFailureBuilder.java:151)
	at org.junit.jupiter.api.AssertionFailureBuilder.buildAndThrow(AssertionFailureBuilder.java:132)
	at org.junit.jupiter.api.AssertEquals.failNotEqual(AssertEquals.java:197)
	at org.junit.jupiter.api.AssertEquals.assertEquals(AssertEquals.java:86)
	at org.junit.jupiter.api.AssertEquals.assertEquals(AssertEquals.java:81)
	at org.junit.jupiter.api.Assertions.assertEquals(Assertions.java:1010)
	at Junit.adapter.PaymentControllerTest.multipleModeSwitches(PaymentControllerTest.java:392)
	at java.base/java.lang.reflect.Method.invoke(Method.java:580)
	at java.base/java.util.ArrayList.forEach(ArrayList.java:1597)
	at java.base/java.util.ArrayList.forEach(ArrayList.java:1597)
]]></failure>
  </testcase>
  <testcase name="testPaymentControllerAdapterReference" classname="Junit.adapter.PaymentControllerTest" time="0.003"/>
  <testcase name="testCashPaymentSuccess" classname="Junit.adapter.PaymentControllerTest" time="0.003"/>
  <testcase name="testCreditCardEdgeLimitExact" classname="Junit.adapter.PaymentControllerTest" time="0.002"/>
  <testcase name="stateMutationAfterPayments" classname="Junit.adapter.PaymentControllerTest" time="0.002"/>
  <testcase name="creditCardPrintsMessageFailure" classname="Junit.adapter.PaymentControllerTest" time="0.001"/>
  <testcase name="testCreditCardFailExceedLimit" classname="Junit.adapter.PaymentControllerTest" time="0.002"/>
  <testcase name="testModelGetters" classname="Junit.adapter.PaymentControllerTest" time="0.001"/>
  <testcase name="testEWalletFailInsufficient" classname="Junit.adapter.PaymentControllerTest" time="0.001"/>
  <testcase name="cashMethodPrintsMessageFailure" classname="Junit.adapter.PaymentControllerTest" time="0.001"/>
  <testcase name="paymentControllerPrintsProcessando" classname="Junit.adapter.PaymentControllerTest" time="0.002"/>
  <testcase name="testAdapterNullMethods" classname="Junit.adapter.PaymentControllerTest" time="0.001"/>
  <testcase name="paymentControllerGetAdapter" classname="Junit.adapter.PaymentControllerTest" time="0.001"/>
  <testcase name="testCreditCardSuccessWithinLimit" classname="Junit.adapter.PaymentControllerTest" time="0.002"/>
  <testcase name="eWalletPrintsMessageFailure" classname="Junit.adapter.PaymentControllerTest" time="0.002"/>
  <testcase name="testInvalidModeReturnsFalse" classname="Junit.adapter.PaymentControllerTest" time="0.005"/>
  <testcase name="paymentControllerInvalidMode" classname="Junit.adapter.PaymentControllerTest" time="0.001"/>
  <testcase name="testCashMultiplePaymentsReduceSequentially" classname="Junit.adapter.PaymentControllerTest" time="0.001"/>
  <testcase name="testAdapterGetName" classname="Junit.adapter.PaymentControllerTest" time="0.001"/>
  <testcase name="adapterSetModeNull" classname="Junit.adapter.PaymentControllerTest" time="0.001"/>
  <testcase name="creditCardPaymentJustOverLimit" classname="Junit.adapter.PaymentControllerTest" time="0.001"/>
</testsuite>