<?xml version="1.0" encoding="UTF-8"?>
<testsuite xmlns:xsi="http://www.w3.org/2001/XMLSchema-instance" xsi:noNamespaceSchemaLocation="https://maven.apache.org/surefire/maven-surefire-plugin/xsd/surefire-test-report-3.0.xsd" version="3.0" name="e2e.strategy.DiscountStrategyE2ETest" time="0.108" tests="37" errors="0" skipped="0" failures="3">
  <properties>
[...]
</properties>
  <testcase name="multipleCombinationsStress" classname="e2e.strategy.DiscountStrategyE2ETest" time="0.008"/>
  <testcase name="multipleContextsIndependence" classname="e2e.strategy.DiscountStrategyE2ETest" time="0.002"/>
  <testcase name="percentageNegative" classname="e2e.strategy.DiscountStrategyE2ETest" time="0.002"/>
  <testcase name="percentageStatelessBetweenCalls" classname="e2e.strategy.DiscountStrategyE2ETest" time="0.002"/>
  <testcase name="vipNegativeThresholdAlwaysApplies" classname="e2e.strategy.DiscountStrategyE2ETest" time="0.001"/>
  <testcase name="percentage10" classname="e2e.strategy.DiscountStrategyE2ETest" time="0.004"/>
  <testcase name="precisionAndRoundingSanity" classname="e2e.strategy.DiscountStrategyE2ETest" time="0.003"/>
  <testcase name="noDiscountReturnsSame" classname="e2e.strategy.DiscountStrategyE2ETest" time="0.003"/>
  <testcase name="repeatedCallsNoSideEffects" classname="e2e.strategy.DiscountStrategyE2ETest" time="0.002"/>
  <testcase name="vipBelowThreshold" classname="e2e.strategy.DiscountStrategyE2ETest" time="0.001"/>
  <testcase name="percentageFull" classname="e2e.strategy.DiscountStrategyE2ETest" time="0.001"/>
  <testcase name="percentageZero" classname="e2e.strategy.DiscountStrategyE2ETest" time="0.002"/>
  <testcase name="percentageOver100" classname="e2e.strategy.DiscountStrategyE2ETest" time="0.003">
    <failure message="expected: &lt;-1250.0&gt; but was: &lt;-250.0&gt;" type="org.opentest4j.AssertionFailedError"><![CDATA[org.opentest4j.AssertionFailedError: expected: <-1250.0> but was: <-250.0>
	at org.junit.jupiter.api.AssertionFailureBuilder.build(AssertionFailureBuilder.java:151)
	at org.junit.jupiter.api.AssertionFailureBuilder.buildAndThrow(AssertionFailureBuilder.java:132)
	at org.junit.jupiter.api.AssertEquals.failNotEqual(AssertEquals.java:197)
	at org.junit.jupiter.api.AssertEquals.assertEquals(AssertEquals.java:86)
	at org.junit.jupiter.api.AssertEquals.assertEquals(AssertEquals.java:81)
	at org.junit.jupiter.api.Assertions.assertEquals(Assertions.java:1010)
	at e2e.strategy.DiscountStrategyE2ETest.percentageOver100(DiscountStrategyE2ETest.java:66)
	at java.base/java.lang.reflect.Method.invoke(Method.java:580)
	at java.base/java.util.ArrayList.forEach(ArrayList.java:1597)
	at java.base/java.util.ArrayList.forEach(ArrayList.java:1597)
]]></failure>
  </testcase>
  <testcase name="vipRateOver100" classname="e2e.strategy.DiscountStrategyE2ETest" time="0.001"/>
  <testcase name="vipZeroRate" classname="e2e.strategy.DiscountStrategyE2ETest" time="0.001"/>
  <testcase name="manyDecimalPercentageAccuracy" classname="e2e.strategy.DiscountStrategyE2ETest" time="0.0"/>
  <testcase name="vipAtThreshold" classname="e2e.strategy.DiscountStrategyE2ETest" time="0.001"/>
  <testcase name="describeForAllStrategies" classname="e2e.strategy.DiscountStrategyE2ETest" time="0.001"/>
  <testcase name="descriptionNotNull" classname="e2e.strategy.DiscountStrategyE2ETest" time="0.003"/>
  <testcase name="negativeTotalsBehavior" classname="e2e.strategy.DiscountStrategyE2ETest" time="0.003">
    <failure message="expected: &lt;-50.0&gt; but was: &lt;-100.0&gt;" type="org.opentest4j.AssertionFailedError"><![CDATA[org.opentest4j.AssertionFailedError: expected: <-50.0> but was: <-100.0>
	at org.junit.jupiter.api.AssertionFailureBuilder.build(AssertionFailureBuilder.java:151)
	at org.junit.jupiter.api.AssertionFailureBuilder.buildAndThrow(AssertionFailureBuilder.java:132)
	at org.junit.jupiter.api.AssertEquals.failNotEqual(AssertEquals.java:197)
	at org.junit.jupiter.api.AssertEquals.assertEquals(AssertEquals.java:86)
	at org.junit.jupiter.api.AssertEquals.assertEquals(AssertEquals.java:81)
	at org.junit.jupiter.api.Assertions.assertEquals(Assertions.java:1010)
	at e2e.strategy.DiscountStrategyE2ETest.negativeTotalsBehavior(DiscountStrategyE2ETest.java:298)
	at java.base/java.lang.reflect.Method.invoke(Method.java:580)
	at java.base/java.util.ArrayList.forEach(ArrayList.java:1597)
	at java.base/java.util.ArrayList.forEach(ArrayList.java:1597)
]]></failure>
  </testcase>
  <testcase name="tinyValuesAndLimits" classname="e2e.strategy.DiscountStrategyE2ETest" time="0.001"/>
  <testcase name="changeStrategiesMultipleTimes" classname="e2e.strategy.DiscountStrategyE2ETest" time="0.001"/>
  <testcase name="extensiveCombinationCoverage" classname="e2e.strategy.DiscountStrategyE2ETest" time="0.004"/>
  <testcase name="extremeDoubleValuesDontThrow" classname="e2e.strategy.DiscountStrategyE2ETest" time="0.004"/>
  <testcase name="rapidStrategySwap" classname="e2e.strategy.DiscountStrategyE2ETest" time="0.001"/>
  <testcase name="vipAboveThreshold" classname="e2e.strategy.DiscountStrategyE2ETest" time="0.001"/>
  <testcase name="lightStressManyOperations" classname="e2e.strategy.DiscountStrategyE2ETest" time="0.001"/>
  <testcase name="descriptionsContainInfo" classname="e2e.strategy.DiscountStrategyE2ETest" time="0.001"/>
  <testcase name="vipManyThresholdsAndRates" classname="e2e.strategy.DiscountStrategyE2ETest" time="0.002"/>
  <testcase name="zeroAndVeryLargeTotals" classname="e2e.strategy.DiscountStrategyE2ETest" time="0.001"/>
  <testcase name="decimalFormattingIndependence" classname="e2e.strategy.DiscountStrategyE2ETest" time="0.001"/>
  <testcase name="nanAndNullStrategy" classname="e2e.strategy.DiscountStrategyE2ETest" time="0.001"/>
  <testcase name="vipDecimalThresholdAndRate" classname="e2e.strategy.DiscountStrategyE2ETest" time="0.001"/>
  <testcase name="nullStrategyAssignment" classname="e2e.strategy.DiscountStrategyE2ETest" time="0.0"/>
  <testcase name="edgeValuesForPercentAndThreshold" classname="e2e.strategy.DiscountStrategyE2ETest" time="0.0"/>
  <testcase name="alternateStrategiesInLoop" classname="e2e.strategy.DiscountStrategyE2ETest" time="0.001"/>
  <testcase name="percentageDecimal" classname="e2e.strategy.DiscountStrategyE2ETest" time="0.002">
    <failure message="expected: &lt;true&gt; but was: &lt;false&gt;" type="org.opentest4j.AssertionFailedError"><![CDATA[org.opentest4j.AssertionFailedError: expected: <true> but was: <false>
	at org.junit.jupiter.api.AssertionFailureBuilder.build(AssertionFailureBuilder.java:151)
	at org.junit.jupiter.api.AssertionFailureBuilder.buildAndThrow(AssertionFailureBuilder.java:132)
	at org.junit.jupiter.api.AssertTrue.failNotTrue(AssertTrue.java:63)
	at org.junit.jupiter.api.AssertTrue.assertTrue(AssertTrue.java:36)
	at org.junit.jupiter.api.AssertTrue.assertTrue(AssertTrue.java:31)
	at org.junit.jupiter.api.Assertions.assertTrue(Assertions.java:179)
	at e2e.strategy.DiscountStrategyE2ETest.percentageDecimal(DiscountStrategyE2ETest.java:45)
	at java.base/java.lang.reflect.Method.invoke(Method.java:580)
	at java.base/java.util.ArrayList.forEach(ArrayList.java:1597)
	at java.base/java.util.ArrayList.forEach(ArrayList.java:1597)
]]></failure>
  </testcase>
</testsuite>