<?xml version="1.0" encoding="UTF-8"?>
<testsuite xmlns:xsi="http://www.w3.org/2001/XMLSchema-instance" xsi:noNamespaceSchemaLocation="https://maven.apache.org/surefire/maven-surefire-plugin/xsd/surefire-test-report-3.0.xsd" version="3.0" name="Junit.observer.InventorySubjectTest" time="2.759" tests="41" errors="1" skipped="0" failures="2">
  <properties>
    <property name="java.specification.version" value="23"/>
    <property name="sun.cpu.isalist" value="amd64"/>
    <property name="sun.jnu.encoding" value="Cp1252"/>
    <property name="java.class.path" value="C:\Users\finea\OneDrive\Escritorio\patrones_farmacia\target\test-classes;C:\Users\finea\OneDrive\Escritorio\patrones_farmacia\target\classes;C:\Users\finea\.m2\repository\org\junit\jupiter\junit-jupiter-api\5.10.0\junit-jupiter-api-5.10.0.jar;C:\Users\finea\.m2\repository\org\opentest4j\opentest4j\1.3.0\opentest4j-1.3.0.jar;C:\Users\finea\.m2\repository\org\junit\platform\junit-platform-commons\1.10.0\junit-platform-commons-1.10.0.jar;C:\Users\finea\.m2\repository\org\apiguardian\apiguardian-api\1.1.2\apiguardian-api-1.1.2.jar;C:\Users\finea\.m2\repository\org\junit\jupiter\junit-jupiter-engine\5.10.0\junit-jupiter-engine-5.10.0.jar;C:\Users\finea\.m2\repository\org\junit\platform\junit-platform-engine\1.10.0\junit-platform-engine-1.10.0.jar;C:\Users\finea\.m2\repository\org\mockito\mockito-core\5.12.0\mockito-core-5.12.0.jar;C:\Users\finea\.m2\repository\net\bytebuddy\byte-buddy\1.14.15\byte-buddy-1.14.15.jar;C:\Users\finea\.m2\repository\net\bytebuddy\byte-buddy-agent\1.14.15\byte-buddy-agent-1.14.15.jar;C:\Users\finea\.m2\repository\org\objenesis\objenesis\3.3\objenesis-3.3.jar;C:\Users\finea\.m2\repository\org\mockito\mockito-junit-jupiter\5.12.0\mockito-junit-jupiter-5.12.0.jar;"/>
    <property name="java.vm.vendor" value="Oracle Corporation"/>
    <property name="sun.arch.data.model" value="64"/>
    <property name="user.variant" value=""/>
    <property name="java.vendor.url" value="https://java.oracle.com/"/>
    <property name="user.timezone" value="America/Bogota"/>
    <property name="os.name" value="Windows 11"/>
    <property name="java.vm.specification.version" value="23"/>
    <property name="sun.java.launcher" value="SUN_STANDARD"/>
    <property name="user.country" value="CO"/>
    <property name="sun.boot.library.path" value="C:\Program Files\Java\jdk-23\bin"/>
    <property name="sun.java.command" value="C:\Users\finea\AppData\Local\Temp\surefire16816295422539480841\surefirebooter-20251114175321872_3.jar C:\Users\finea\AppData\Local\Temp\surefire16816295422539480841 2025-11-14T17-53-21_565-jvmRun1 surefire-20251114175321872_1tmp surefire_0-20251114175321872_2tmp"/>
    <property name="jdk.debug" value="release"/>
    <property name="surefire.test.class.path" value="C:\Users\finea\OneDrive\Escritorio\patrones_farmacia\target\test-classes;C:\Users\finea\OneDrive\Escritorio\patrones_farmacia\target\classes;C:\Users\finea\.m2\repository\org\junit\jupiter\junit-jupiter-api\5.10.0\junit-jupiter-api-5.10.0.jar;C:\Users\finea\.m2\repository\org\opentest4j\opentest4j\1.3.0\opentest4j-1.3.0.jar;C:\Users\finea\.m2\repository\org\junit\platform\junit-platform-commons\1.10.0\junit-platform-commons-1.10.0.jar;C:\Users\finea\.m2\repository\org\apiguardian\apiguardian-api\1.1.2\apiguardian-api-1.1.2.jar;C:\Users\finea\.m2\repository\org\junit\jupiter\junit-jupiter-engine\5.10.0\junit-jupiter-engine-5.10.0.jar;C:\Users\finea\.m2\repository\org\junit\platform\junit-platform-engine\1.10.0\junit-platform-engine-1.10.0.jar;C:\Users\finea\.m2\repository\org\mockito\mockito-core\5.12.0\mockito-core-5.12.0.jar;C:\Users\finea\.m2\repository\net\bytebuddy\byte-buddy\1.14.15\byte-buddy-1.14.15.jar;C:\Users\finea\.m2\repository\net\bytebuddy\byte-buddy-agent\1.14.15\byte-buddy-agent-1.14.15.jar;C:\Users\finea\.m2\repository\org\objenesis\objenesis\3.3\objenesis-3.3.jar;C:\Users\finea\.m2\repository\org\mockito\mockito-junit-jupiter\5.12.0\mockito-junit-jupiter-5.12.0.jar;"/>
    <property name="sun.cpu.endian" value="little"/>
    <property name="user.home" value="C:\Users\finea"/>
    <property name="user.language" value="es"/>
    <property name="java.specification.vendor" value="Oracle Corporation"/>
    <property name="java.version.date" value="2025-01-21"/>
    <property name="java.home" value="C:\Program Files\Java\jdk-23"/>
    <property name="file.separator" value="\"/>
    <property name="basedir" value="C:\Users\finea\OneDrive\Escritorio\patrones_farmacia"/>
    <property name="java.vm.compressedOopsMode" value="Zero based"/>
    <property name="line.separator" value="&#10;"/>
    <property name="java.vm.specification.vendor" value="Oracle Corporation"/>
    <property name="java.specification.name" value="Java Platform API Specification"/>
    <property name="surefire.real.class.path" value="C:\Users\finea\AppData\Local\Temp\surefire16816295422539480841\surefirebooter-20251114175321872_3.jar"/>
    <property name="user.script" value=""/>
    <property name="sun.management.compiler" value="HotSpot 64-Bit Tiered Compilers"/>
    <property name="java.runtime.version" value="23.0.2+7-58"/>
    <property name="user.name" value="finea"/>
    <property name="stdout.encoding" value="Cp1252"/>
    <property name="path.separator" value=";"/>
    <property name="os.version" value="10.0"/>
    <property name="java.runtime.name" value="Java(TM) SE Runtime Environment"/>
    <property name="file.encoding" value="UTF-8"/>
    <property name="java.vm.name" value="Java HotSpot(TM) 64-Bit Server VM"/>
    <property name="localRepository" value="C:\Users\finea\.m2\repository"/>
    <property name="java.vendor.url.bug" value="https://bugreport.java.com/bugreport/"/>
    <property name="java.io.tmpdir" value="C:\Users\finea\AppData\Local\Temp\"/>
    <property name="java.version" value="23.0.2"/>
    <property name="user.dir" value="C:\Users\finea\OneDrive\Escritorio\patrones_farmacia"/>
    <property name="os.arch" value="amd64"/>
    <property name="java.vm.specification.name" value="Java Virtual Machine Specification"/>
    <property name="sun.os.patch.level" value=""/>
    <property name="native.encoding" value="Cp1252"/>
    <property name="java.library.path" value="C:\Program Files\Java\jdk-23\bin;C:\Windows\Sun\Java\bin;C:\Windows\system32;C:\Windows;c:\Users\finea\AppData\Roaming\Code\User\globalStorage\github.copilot-chat\debugCommand;c:\Users\finea\AppData\Roaming\Code\User\globalStorage\github.copilot-chat\copilotCli;C:\Program Files\Common Files\Oracle\Java\javapath;C:\Program Files (x86)\Common Files\Oracle\Java\java8path;C:\Program Files (x86)\Common Files\Oracle\Java\javapath;C:\Windows\system32;C:\Windows;C:\Windows\System32\Wbem;C:\Windows\System32\WindowsPowerShell\v1.0\;C:\Windows\System32\OpenSSH\;C:\Program Files\nodejs\;C:\Program Files\dotnet\;C:\Program Files\Git\cmd;C:\Users\finea\Downloads\maven\apache-maven-3.9.11-bin\apache-maven-3.9.11\bin;C:\Users\finea\AppData\Local\Programs\Python\Launcher\;C:\Users\finea\AppData\Local\Microsoft\WindowsApps;C:\Users\finea\AppData\Local\Programs\Microsoft VS Code\bin;C:\Users\finea\AppData\Roaming\npm;C:\Users\finea\.dotnet\tools;c:\Users\finea\.vscode\extensions\vscjava.vscode-java-debug-0.58.3\bundled\scripts\noConfigScripts;."/>
    <property name="java.vm.info" value="mixed mode, sharing"/>
    <property name="stderr.encoding" value="Cp1252"/>
    <property name="java.vendor" value="Oracle Corporation"/>
    <property name="java.vm.version" value="23.0.2+7-58"/>
    <property name="sun.io.unicode.encoding" value="UnicodeLittle"/>
    <property name="java.class.version" value="67.0"/>
  </properties>
  <testcase name="inventoryControllerIntegracion" classname="Junit.observer.InventorySubjectTest" time="2.551">
    <system-err><![CDATA[WARNING: A Java agent has been loaded dynamically (C:\Users\finea\.m2\repository\net\bytebuddy\byte-buddy-agent\1.14.15\byte-buddy-agent-1.14.15.jar)
WARNING: If a serviceability tool is in use, please run with -XX:+EnableDynamicAgentLoading to hide this warning
WARNING: If a serviceability tool is not in use, please run with -Djdk.instrument.traceUsage for more information
WARNING: Dynamic loading of agents will be disallowed by default in a future release
]]></system-err>
  </testcase>
  <testcase name="lowStockIncluyeIgualAlUmbral" classname="Junit.observer.InventorySubjectTest" time="0.002"/>
  <testcase name="setMinThresholdCambiaUmbral" classname="Junit.observer.InventorySubjectTest" time="0.067"/>
  <testcase name="increaseStockActualizaCorrectamente" classname="Junit.observer.InventorySubjectTest" time="0.001"/>
  <testcase name="lowStockProductsReturnsDefensiveCopy" classname="Junit.observer.InventorySubjectTest" time="0.001"/>
  <testcase name="debeNotificarCuandoStockEstaBajo" classname="Junit.observer.InventorySubjectTest" time="0.003"/>
  <testcase name="multipleAddsAndReducesMaintainConsistency" classname="Junit.observer.InventorySubjectTest" time="0.002"/>
  <testcase name="aumentarStockCaseInsensitive" classname="Junit.observer.InventorySubjectTest" time="0.001"/>
  <testcase name="getAllProductNamesRetornaCopia" classname="Junit.observer.InventorySubjectTest" time="0.001"/>
  <testcase name="removeAndAddObserversWorks" classname="Junit.observer.InventorySubjectTest" time="0.006"/>
  <testcase name="getStockLevelRetornaMinusOneParaInexistente" classname="Junit.observer.InventorySubjectTest" time="0.001"/>
  <testcase name="debeNotificarMultiplesVecesSiStockBajaRepetidamente" classname="Junit.observer.InventorySubjectTest" time="0.003"/>
  <testcase name="modifyingReturnedAllNamesDoesNotAffectSubject" classname="Junit.observer.InventorySubjectTest" time="0.001"/>
  <testcase name="emailYSmsAlertImprimenEnUpdate" classname="Junit.observer.InventorySubjectTest" time="0.001"/>
  <testcase name="lowStockProductsEmptyWhenNoneBelowThreshold" classname="Junit.observer.InventorySubjectTest" time="0.0"/>
  <testcase name="getSetThresholdFuncionan" classname="Junit.observer.InventorySubjectTest" time="0.001"/>
  <testcase name="debeNotificarCuandoStockEsIgualAlUmbral" classname="Junit.observer.InventorySubjectTest" time="0.002"/>
  <testcase name="constructorIgnoraParametroYDejaDefault" classname="Junit.observer.InventorySubjectTest" time="0.001"/>
  <testcase name="manyRapidAddsMaintainConsistency" classname="Junit.observer.InventorySubjectTest" time="0.001"/>
  <testcase name="getAllProductNamesDevuelveNombres" classname="Junit.observer.InventorySubjectTest" time="0.001"/>
  <testcase name="addObserverNoDuplica" classname="Junit.observer.InventorySubjectTest" time="0.003"/>
  <testcase name="addProductWithZeroStockIsRegisteredAndLow" classname="Junit.observer.InventorySubjectTest" time="0.001"/>
  <testcase name="reduceStockInexistenteImprime" classname="Junit.observer.InventorySubjectTest" time="0.001"/>
  <testcase name="increaseStockInexistenteImprime" classname="Junit.observer.InventorySubjectTest" time="0.001"/>
  <testcase name="debeNotificarAMultiplesObservadores" classname="Junit.observer.InventorySubjectTest" time="0.001"/>
  <testcase name="getLowStockProductsListaCorrectamente" classname="Junit.observer.InventorySubjectTest" time="0.001"/>
  <testcase name="noDebeNotificarCuandoStockEsNormal" classname="Junit.observer.InventorySubjectTest" time="0.003"/>
  <testcase name="reduceZeroDoesNotNotify" classname="Junit.observer.InventorySubjectTest" time="0.002"/>
  <testcase name="noDebeNotificarDespuesDeRemoverObservador" classname="Junit.observer.InventorySubjectTest" time="0.002"/>
  <testcase name="setMinThresholdExtremos" classname="Junit.observer.InventorySubjectTest" time="0.026">
    <failure message="&#10;farmaObserver.update(&quot;Ex2&quot;, &lt;any integer&gt;);&#10;Never wanted here:&#10;-&gt; at Junit.observer.InventorySubjectTest.setMinThresholdExtremos(InventorySubjectTest.java:250)&#10;But invoked here:&#10;-&gt; at patrones_farmacia.observer.model.InventorySubject.notifyObservers(InventorySubject.java:31) with arguments: [Ex2, 499]&#10;" type="org.mockito.exceptions.verification.NeverWantedButInvoked"><![CDATA[org.mockito.exceptions.verification.NeverWantedButInvoked: 

farmaObserver.update("Ex2", <any integer>);
Never wanted here:
-> at Junit.observer.InventorySubjectTest.setMinThresholdExtremos(InventorySubjectTest.java:250)
But invoked here:
-> at patrones_farmacia.observer.model.InventorySubject.notifyObservers(InventorySubject.java:31) with arguments: [Ex2, 499]

	at Junit.observer.InventorySubjectTest.setMinThresholdExtremos(InventorySubjectTest.java:250)
	at java.base/java.lang.reflect.Method.invoke(Method.java:580)
	at java.base/java.util.ArrayList.forEach(ArrayList.java:1597)
	at java.base/java.util.ArrayList.forEach(ArrayList.java:1597)
]]></failure>
  </testcase>
  <testcase name="removeObserverNoRegistradoNoFalla" classname="Junit.observer.InventorySubjectTest" time="0.002"/>
  <testcase name="addObserverNullIsIgnored" classname="Junit.observer.InventorySubjectTest" time="0.002">
    <error message="Cannot invoke &quot;patrones_farmacia.observer.model.FarmaObserver.update(String, int)&quot; because &quot;obs&quot; is null" type="java.lang.NullPointerException"><![CDATA[java.lang.NullPointerException: Cannot invoke "patrones_farmacia.observer.model.FarmaObserver.update(String, int)" because "obs" is null
	at patrones_farmacia.observer.model.InventorySubject.notifyObservers(InventorySubject.java:31)
	at patrones_farmacia.observer.model.InventorySubject.reduceStock(InventorySubject.java:48)
	at Junit.observer.InventorySubjectTest.addObserverNullIsIgnored(InventorySubjectTest.java:380)
	at java.base/java.lang.reflect.Method.invoke(Method.java:580)
	at java.base/java.util.ArrayList.forEach(ArrayList.java:1597)
	at java.base/java.util.ArrayList.forEach(ArrayList.java:1597)
]]></error>
  </testcase>
  <testcase name="inventoryConsoleRunExitOption" classname="Junit.observer.InventorySubjectTest" time="0.004"/>
  <testcase name="reduccionNegativaDejaEnCeroYNotifica" classname="Junit.observer.InventorySubjectTest" time="0.001"/>
  <testcase name="concurrentAddAndReduceOperations" classname="Junit.observer.InventorySubjectTest" time="0.006"/>
  <testcase name="reducirStockCaseInsensitive" classname="Junit.observer.InventorySubjectTest" time="0.002"/>
  <testcase name="negativeIncreaseIsIgnored" classname="Junit.observer.InventorySubjectTest" time="0.002">
    <failure message="expected: &lt;5&gt; but was: &lt;2&gt;" type="org.opentest4j.AssertionFailedError"><![CDATA[org.opentest4j.AssertionFailedError: expected: <5> but was: <2>
	at org.junit.jupiter.api.AssertionFailureBuilder.build(AssertionFailureBuilder.java:151)
	at org.junit.jupiter.api.AssertionFailureBuilder.buildAndThrow(AssertionFailureBuilder.java:132)
	at org.junit.jupiter.api.AssertEquals.failNotEqual(AssertEquals.java:197)
	at org.junit.jupiter.api.AssertEquals.assertEquals(AssertEquals.java:150)
	at org.junit.jupiter.api.AssertEquals.assertEquals(AssertEquals.java:145)
	at org.junit.jupiter.api.Assertions.assertEquals(Assertions.java:527)
	at Junit.observer.InventorySubjectTest.negativeIncreaseIsIgnored(InventorySubjectTest.java:372)
	at java.base/java.lang.reflect.Method.invoke(Method.java:580)
	at java.base/java.util.ArrayList.forEach(ArrayList.java:1597)
	at java.base/java.util.ArrayList.forEach(ArrayList.java:1597)
]]></failure>
  </testcase>
  <testcase name="observersNotifiedInRegistrationOrder" classname="Junit.observer.InventorySubjectTest" time="0.016"/>
  <testcase name="agregarMismoProductoVariasVeces" classname="Junit.observer.InventorySubjectTest" time="0.005"/>
  <testcase name="toStringAlertsIncluyeIdentificador" classname="Junit.observer.InventorySubjectTest" time="0.002"/>
  <testcase name="muchosProductosMantienenConsistencia" classname="Junit.observer.InventorySubjectTest" time="0.002"/>
</testsuite>