<?xml version="1.0" encoding="UTF-8"?>
<testsuite xmlns:xsi="http://www.w3.org/2001/XMLSchema-instance" xsi:noNamespaceSchemaLocation="https://maven.apache.org/surefire/maven-surefire-plugin/xsd/surefire-test-report-3.0.xsd" version="3.0" name="Junit.strategy.DiscountContextTest" time="0.124" tests="74" errors="0" skipped="0" failures="6">
  <properties>
    <property name="java.specification.version" value="23"/>
    <property name="sun.cpu.isalist" value="amd64"/>
    <property name="sun.jnu.encoding" value="Cp1252"/>
    <property name="java.class.path" value="C:\Users\finea\OneDrive\Escritorio\patrones_farmacia\target\test-classes;C:\Users\finea\OneDrive\Escritorio\patrones_farmacia\target\classes;C:\Users\finea\.m2\repository\org\junit\jupiter\junit-jupiter-api\5.10.0\junit-jupiter-api-5.10.0.jar;C:\Users\finea\.m2\repository\org\opentest4j\opentest4j\1.3.0\opentest4j-1.3.0.jar;C:\Users\finea\.m2\repository\org\junit\platform\junit-platform-commons\1.10.0\junit-platform-commons-1.10.0.jar;C:\Users\finea\.m2\repository\org\apiguardian\apiguardian-api\1.1.2\apiguardian-api-1.1.2.jar;C:\Users\finea\.m2\repository\org\junit\jupiter\junit-jupiter-engine\5.10.0\junit-jupiter-engine-5.10.0.jar;C:\Users\finea\.m2\repository\org\junit\platform\junit-platform-engine\1.10.0\junit-platform-engine-1.10.0.jar;C:\Users\finea\.m2\repository\org\mockito\mockito-core\5.12.0\mockito-core-5.12.0.jar;C:\Users\finea\.m2\repository\net\bytebuddy\byte-buddy\1.14.15\byte-buddy-1.14.15.jar;C:\Users\finea\.m2\repository\net\bytebuddy\byte-buddy-agent\1.14.15\byte-buddy-agent-1.14.15.jar;C:\Users\finea\.m2\repository\org\objenesis\objenesis\3.3\objenesis-3.3.jar;C:\Users\finea\.m2\repository\org\mockito\mockito-junit-jupiter\5.12.0\mockito-junit-jupiter-5.12.0.jar;"/>
    <property name="java.vm.vendor" value="Oracle Corporation"/>
    <property name="sun.arch.data.model" value="64"/>
    <property name="user.variant" value=""/>
    <property name="java.vendor.url" value="https://java.oracle.com/"/>
    <property name="user.timezone" value="America/Bogota"/>
    <property name="os.name" value="Windows 11"/>
    <property name="java.vm.specification.version" value="23"/>
    <property name="sun.java.launcher" value="SUN_STANDARD"/>
    <property name="user.country" value="CO"/>
    <property name="sun.boot.library.path" value="C:\Program Files\Java\jdk-23\bin"/>
    <property name="sun.java.command" value="C:\Users\finea\AppData\Local\Temp\surefire16816295422539480841\surefirebooter-20251114175321872_3.jar C:\Users\finea\AppData\Local\Temp\surefire16816295422539480841 2025-11-14T17-53-21_565-jvmRun1 surefire-20251114175321872_1tmp surefire_0-20251114175321872_2tmp"/>
    <property name="jdk.debug" value="release"/>
    <property name="surefire.test.class.path" value="C:\Users\finea\OneDrive\Escritorio\patrones_farmacia\target\test-classes;C:\Users\finea\OneDrive\Escritorio\patrones_farmacia\target\classes;C:\Users\finea\.m2\repository\org\junit\jupiter\junit-jupiter-api\5.10.0\junit-jupiter-api-5.10.0.jar;C:\Users\finea\.m2\repository\org\opentest4j\opentest4j\1.3.0\opentest4j-1.3.0.jar;C:\Users\finea\.m2\repository\org\junit\platform\junit-platform-commons\1.10.0\junit-platform-commons-1.10.0.jar;C:\Users\finea\.m2\repository\org\apiguardian\apiguardian-api\1.1.2\apiguardian-api-1.1.2.jar;C:\Users\finea\.m2\repository\org\junit\jupiter\junit-jupiter-engine\5.10.0\junit-jupiter-engine-5.10.0.jar;C:\Users\finea\.m2\repository\org\junit\platform\junit-platform-engine\1.10.0\junit-platform-engine-1.10.0.jar;C:\Users\finea\.m2\repository\org\mockito\mockito-core\5.12.0\mockito-core-5.12.0.jar;C:\Users\finea\.m2\repository\net\bytebuddy\byte-buddy\1.14.15\byte-buddy-1.14.15.jar;C:\Users\finea\.m2\repository\net\bytebuddy\byte-buddy-agent\1.14.15\byte-buddy-agent-1.14.15.jar;C:\Users\finea\.m2\repository\org\objenesis\objenesis\3.3\objenesis-3.3.jar;C:\Users\finea\.m2\repository\org\mockito\mockito-junit-jupiter\5.12.0\mockito-junit-jupiter-5.12.0.jar;"/>
    <property name="sun.cpu.endian" value="little"/>
    <property name="user.home" value="C:\Users\finea"/>
    <property name="user.language" value="es"/>
    <property name="java.specification.vendor" value="Oracle Corporation"/>
    <property name="java.version.date" value="2025-01-21"/>
    <property name="java.home" value="C:\Program Files\Java\jdk-23"/>
    <property name="file.separator" value="\"/>
    <property name="basedir" value="C:\Users\finea\OneDrive\Escritorio\patrones_farmacia"/>
    <property name="java.vm.compressedOopsMode" value="Zero based"/>
    <property name="line.separator" value="&#10;"/>
    <property name="java.vm.specification.vendor" value="Oracle Corporation"/>
    <property name="java.specification.name" value="Java Platform API Specification"/>
    <property name="surefire.real.class.path" value="C:\Users\finea\AppData\Local\Temp\surefire16816295422539480841\surefirebooter-20251114175321872_3.jar"/>
    <property name="user.script" value=""/>
    <property name="sun.management.compiler" value="HotSpot 64-Bit Tiered Compilers"/>
    <property name="java.runtime.version" value="23.0.2+7-58"/>
    <property name="user.name" value="finea"/>
    <property name="stdout.encoding" value="Cp1252"/>
    <property name="path.separator" value=";"/>
    <property name="os.version" value="10.0"/>
    <property name="java.runtime.name" value="Java(TM) SE Runtime Environment"/>
    <property name="file.encoding" value="UTF-8"/>
    <property name="java.vm.name" value="Java HotSpot(TM) 64-Bit Server VM"/>
    <property name="localRepository" value="C:\Users\finea\.m2\repository"/>
    <property name="java.vendor.url.bug" value="https://bugreport.java.com/bugreport/"/>
    <property name="java.io.tmpdir" value="C:\Users\finea\AppData\Local\Temp\"/>
    <property name="java.version" value="23.0.2"/>
    <property name="user.dir" value="C:\Users\finea\OneDrive\Escritorio\patrones_farmacia"/>
    <property name="os.arch" value="amd64"/>
    <property name="java.vm.specification.name" value="Java Virtual Machine Specification"/>
    <property name="sun.os.patch.level" value=""/>
    <property name="native.encoding" value="Cp1252"/>
    <property name="java.library.path" value="C:\Program Files\Java\jdk-23\bin;C:\Windows\Sun\Java\bin;C:\Windows\system32;C:\Windows;c:\Users\finea\AppData\Roaming\Code\User\globalStorage\github.copilot-chat\debugCommand;c:\Users\finea\AppData\Roaming\Code\User\globalStorage\github.copilot-chat\copilotCli;C:\Program Files\Common Files\Oracle\Java\javapath;C:\Program Files (x86)\Common Files\Oracle\Java\java8path;C:\Program Files (x86)\Common Files\Oracle\Java\javapath;C:\Windows\system32;C:\Windows;C:\Windows\System32\Wbem;C:\Windows\System32\WindowsPowerShell\v1.0\;C:\Windows\System32\OpenSSH\;C:\Program Files\nodejs\;C:\Program Files\dotnet\;C:\Program Files\Git\cmd;C:\Users\finea\Downloads\maven\apache-maven-3.9.11-bin\apache-maven-3.9.11\bin;C:\Users\finea\AppData\Local\Programs\Python\Launcher\;C:\Users\finea\AppData\Local\Microsoft\WindowsApps;C:\Users\finea\AppData\Local\Programs\Microsoft VS Code\bin;C:\Users\finea\AppData\Roaming\npm;C:\Users\finea\.dotnet\tools;c:\Users\finea\.vscode\extensions\vscjava.vscode-java-debug-0.58.3\bundled\scripts\noConfigScripts;."/>
    <property name="java.vm.info" value="mixed mode, sharing"/>
    <property name="stderr.encoding" value="Cp1252"/>
    <property name="java.vendor" value="Oracle Corporation"/>
    <property name="java.vm.version" value="23.0.2+7-58"/>
    <property name="sun.io.unicode.encoding" value="UnicodeLittle"/>
    <property name="java.class.version" value="67.0"/>
  </properties>
  <testcase name="combinarVIPyPercentage" classname="Junit.strategy.DiscountContextTest" time="0.001"/>
  <testcase name="noDiscountMantieneTotal" classname="Junit.strategy.DiscountContextTest" time="0.002"/>
  <testcase name="percentageNegativeIsIncrease" classname="Junit.strategy.DiscountContextTest" time="0.001"/>
  <testcase name="applyConEstrategiaNula" classname="Junit.strategy.DiscountContextTest" time="0.0"/>
  <testcase name="vipConPorcentajeCero" classname="Junit.strategy.DiscountContextTest" time="0.0"/>
  <testcase name="vipDescriptionContainsThreshold" classname="Junit.strategy.DiscountContextTest" time="0.0"/>
  <testcase name="vipConUmbralBajo" classname="Junit.strategy.DiscountContextTest" time="0.0"/>
  <testcase name="noDiscountCalculateReturnsSameTotal" classname="Junit.strategy.DiscountContextTest" time="0.001"/>
  <testcase name="vipThresholdFloating" classname="Junit.strategy.DiscountContextTest" time="0.001"/>
  <testcase name="vipRate0AlcanzandoUmbral" classname="Junit.strategy.DiscountContextTest" time="0.001"/>
  <testcase name="vipAplicaSobreUmbral" classname="Junit.strategy.DiscountContextTest" time="0.001"/>
  <testcase name="cambiarEstrategiaDinamicamente" classname="Junit.strategy.DiscountContextTest" time="0.001"/>
  <testcase name="percentageOnePercent" classname="Junit.strategy.DiscountContextTest" time="0.001"/>
  <testcase name="noDiscountWithAnyPositiveValue" classname="Junit.strategy.DiscountContextTest" time="0.001"/>
  <testcase name="noDiscountConValoresExtremos" classname="Junit.strategy.DiscountContextTest" time="0.0"/>
  <testcase name="strategyConsoleMainExecutes" classname="Junit.strategy.DiscountContextTest" time="0.007"/>
  <testcase name="vipExactlyAtThresholdApplies" classname="Junit.strategy.DiscountContextTest" time="0.001"/>
  <testcase name="multipleStrategySwitches" classname="Junit.strategy.DiscountContextTest" time="0.001"/>
  <testcase name="concurrentContextChangesAndApplies" classname="Junit.strategy.DiscountContextTest" time="0.003"/>
  <testcase name="contextCanChangeStrategyMultipleTimes" classname="Junit.strategy.DiscountContextTest" time="0.003">
    <failure message="expected: &lt;95.0&gt; but was: &lt;100.0&gt;" type="org.opentest4j.AssertionFailedError"><![CDATA[org.opentest4j.AssertionFailedError: expected: <95.0> but was: <100.0>
	at org.junit.jupiter.api.AssertionFailureBuilder.build(AssertionFailureBuilder.java:151)
	at org.junit.jupiter.api.AssertionFailureBuilder.buildAndThrow(AssertionFailureBuilder.java:132)
	at org.junit.jupiter.api.AssertEquals.failNotEqual(AssertEquals.java:197)
	at org.junit.jupiter.api.AssertEquals.assertEquals(AssertEquals.java:86)
	at org.junit.jupiter.api.AssertEquals.assertEquals(AssertEquals.java:81)
	at org.junit.jupiter.api.Assertions.assertEquals(Assertions.java:1010)
	at Junit.strategy.DiscountContextTest.contextCanChangeStrategyMultipleTimes(DiscountContextTest.java:413)
	at java.base/java.lang.reflect.Method.invoke(Method.java:580)
	at java.base/java.util.ArrayList.forEach(ArrayList.java:1597)
	at java.base/java.util.ArrayList.forEach(ArrayList.java:1597)
]]></failure>
  </testcase>
  <testcase name="vipNegativeRateIncreases" classname="Junit.strategy.DiscountContextTest" time="0.0"/>
  <testcase name="vipWithMaxThreshold" classname="Junit.strategy.DiscountContextTest" time="0.001"/>
  <testcase name="precisionResultadosDecimales" classname="Junit.strategy.DiscountContextTest" time="0.002">
    <failure message="expected: &lt;true&gt; but was: &lt;false&gt;" type="org.opentest4j.AssertionFailedError"><![CDATA[org.opentest4j.AssertionFailedError: expected: <true> but was: <false>
	at org.junit.jupiter.api.AssertionFailureBuilder.build(AssertionFailureBuilder.java:151)
	at org.junit.jupiter.api.AssertionFailureBuilder.buildAndThrow(AssertionFailureBuilder.java:132)
	at org.junit.jupiter.api.AssertTrue.failNotTrue(AssertTrue.java:63)
	at org.junit.jupiter.api.AssertTrue.assertTrue(AssertTrue.java:36)
	at org.junit.jupiter.api.AssertTrue.assertTrue(AssertTrue.java:31)
	at org.junit.jupiter.api.Assertions.assertTrue(Assertions.java:179)
	at Junit.strategy.DiscountContextTest.precisionResultadosDecimales(DiscountContextTest.java:187)
	at java.base/java.lang.reflect.Method.invoke(Method.java:580)
	at java.base/java.util.ArrayList.forEach(ArrayList.java:1597)
	at java.base/java.util.ArrayList.forEach(ArrayList.java:1597)
]]></failure>
  </testcase>
  <testcase name="percentageTiny" classname="Junit.strategy.DiscountContextTest" time="0.002">
    <failure message="expected: &lt;true&gt; but was: &lt;false&gt;" type="org.opentest4j.AssertionFailedError"><![CDATA[org.opentest4j.AssertionFailedError: expected: <true> but was: <false>
	at org.junit.jupiter.api.AssertionFailureBuilder.build(AssertionFailureBuilder.java:151)
	at org.junit.jupiter.api.AssertionFailureBuilder.buildAndThrow(AssertionFailureBuilder.java:132)
	at org.junit.jupiter.api.AssertTrue.failNotTrue(AssertTrue.java:63)
	at org.junit.jupiter.api.AssertTrue.assertTrue(AssertTrue.java:36)
	at org.junit.jupiter.api.AssertTrue.assertTrue(AssertTrue.java:31)
	at org.junit.jupiter.api.Assertions.assertTrue(Assertions.java:179)
	at Junit.strategy.DiscountContextTest.percentageTiny(DiscountContextTest.java:429)
	at java.base/java.lang.reflect.Method.invoke(Method.java:580)
	at java.base/java.util.ArrayList.forEach(ArrayList.java:1597)
	at java.base/java.util.ArrayList.forEach(ArrayList.java:1597)
]]></failure>
  </testcase>
  <testcase name="describeVIPIncluyeUmbral" classname="Junit.strategy.DiscountContextTest" time="0.001"/>
  <testcase name="vipJustAboveThresholdApplies" classname="Junit.strategy.DiscountContextTest" time="0.002">
    <failure message="expected: &lt;500.5&gt; but was: &lt;500.005&gt;" type="org.opentest4j.AssertionFailedError"><![CDATA[org.opentest4j.AssertionFailedError: expected: <500.5> but was: <500.005>
	at org.junit.jupiter.api.AssertionFailureBuilder.build(AssertionFailureBuilder.java:151)
	at org.junit.jupiter.api.AssertionFailureBuilder.buildAndThrow(AssertionFailureBuilder.java:132)
	at org.junit.jupiter.api.AssertEquals.failNotEqual(AssertEquals.java:197)
	at org.junit.jupiter.api.AssertEquals.assertEquals(AssertEquals.java:86)
	at org.junit.jupiter.api.AssertEquals.assertEquals(AssertEquals.java:81)
	at org.junit.jupiter.api.Assertions.assertEquals(Assertions.java:1010)
	at Junit.strategy.DiscountContextTest.vipJustAboveThresholdApplies(DiscountContextTest.java:344)
	at java.base/java.lang.reflect.Method.invoke(Method.java:580)
	at java.base/java.util.ArrayList.forEach(ArrayList.java:1597)
	at java.base/java.util.ArrayList.forEach(ArrayList.java:1597)
]]></failure>
  </testcase>
  <testcase name="vipDescriptionContainsVIP" classname="Junit.strategy.DiscountContextTest" time="0.002"/>
  <testcase name="aplica10Porciento" classname="Junit.strategy.DiscountContextTest" time="0.002"/>
  <testcase name="vipThresholdYPorcentajeCien" classname="Junit.strategy.DiscountContextTest" time="0.001"/>
  <testcase name="vipDescriptionNoNewlines" classname="Junit.strategy.DiscountContextTest" time="0.001"/>
  <testcase name="contextDescribeImmutableBetweenApplies" classname="Junit.strategy.DiscountContextTest" time="0.001"/>
  <testcase name="contextDescribeAfterSetStrategy" classname="Junit.strategy.DiscountContextTest" time="0.001"/>
  <testcase name="vipRateFloating" classname="Junit.strategy.DiscountContextTest" time="0.001"/>
  <testcase name="vipAplicaEnUmbralExacto" classname="Junit.strategy.DiscountContextTest" time="0.001"/>
  <testcase name="thousandStrategyChanges" classname="Junit.strategy.DiscountContextTest" time="0.002"/>
  <testcase name="porcentajeDecimal" classname="Junit.strategy.DiscountContextTest" time="0.002"/>
  <testcase name="describePercentage" classname="Junit.strategy.DiscountContextTest" time="0.001"/>
  <testcase name="vipRate100AlcanzandoUmbral" classname="Junit.strategy.DiscountContextTest" time="0.0"/>
  <testcase name="percentageMostly" classname="Junit.strategy.DiscountContextTest" time="0.0"/>
  <testcase name="percentageCalculateFormula" classname="Junit.strategy.DiscountContextTest" time="0.001"/>
  <testcase name="noDiscountSingletonPotential" classname="Junit.strategy.DiscountContextTest" time="0.001"/>
  <testcase name="percentageDescriptionNoNewlines" classname="Junit.strategy.DiscountContextTest" time="0.001"/>
  <testcase name="percentageConstructorStoresValue" classname="Junit.strategy.DiscountContextTest" time="0.002">
    <failure message="expected: &lt;33.33&gt; but was: &lt;66.67&gt;" type="org.opentest4j.AssertionFailedError"><![CDATA[org.opentest4j.AssertionFailedError: expected: <33.33> but was: <66.67>
	at org.junit.jupiter.api.AssertionFailureBuilder.build(AssertionFailureBuilder.java:151)
	at org.junit.jupiter.api.AssertionFailureBuilder.buildAndThrow(AssertionFailureBuilder.java:132)
	at org.junit.jupiter.api.AssertEquals.failNotEqual(AssertEquals.java:197)
	at org.junit.jupiter.api.AssertEquals.assertEquals(AssertEquals.java:86)
	at org.junit.jupiter.api.AssertEquals.assertEquals(AssertEquals.java:81)
	at org.junit.jupiter.api.Assertions.assertEquals(Assertions.java:1010)
	at Junit.strategy.DiscountContextTest.percentageConstructorStoresValue(DiscountContextTest.java:287)
	at java.base/java.lang.reflect.Method.invoke(Method.java:580)
	at java.base/java.util.ArrayList.forEach(ArrayList.java:1597)
	at java.base/java.util.ArrayList.forEach(ArrayList.java:1597)
]]></failure>
  </testcase>
  <testcase name="contextSetStrategyAndApplySequence" classname="Junit.strategy.DiscountContextTest" time="0.001"/>
  <testcase name="changeStrategyFromNotNullToNull" classname="Junit.strategy.DiscountContextTest" time="0.001"/>
  <testcase name="vipPreservesPrecisionThreshold" classname="Junit.strategy.DiscountContextTest" time="0.001"/>
  <testcase name="vipNoAplicaSiNoAlcanza" classname="Junit.strategy.DiscountContextTest" time="0.002"/>
  <testcase name="vipBelowThresholdNoDiscount" classname="Junit.strategy.DiscountContextTest" time="0.001"/>
  <testcase name="noDiscountDescriptionExact" classname="Junit.strategy.DiscountContextTest" time="0.001"/>
  <testcase name="percentageHalfPercent" classname="Junit.strategy.DiscountContextTest" time="0.0"/>
  <testcase name="porcentajeCero" classname="Junit.strategy.DiscountContextTest" time="0.0"/>
  <testcase name="porcentajeCien" classname="Junit.strategy.DiscountContextTest" time="0.001"/>
  <testcase name="percentageTwoHundred" classname="Junit.strategy.DiscountContextTest" time="0.0"/>
  <testcase name="describeConNulo" classname="Junit.strategy.DiscountContextTest" time="0.0"/>
  <testcase name="vipJustBelowThresholdNoApply" classname="Junit.strategy.DiscountContextTest" time="0.001"/>
  <testcase name="aplicarSobreCero" classname="Junit.strategy.DiscountContextTest" time="0.001"/>
  <testcase name="hundredDifferentApplications" classname="Junit.strategy.DiscountContextTest" time="0.0"/>
  <testcase name="multipleAppliesSameStrategyIdempotent" classname="Junit.strategy.DiscountContextTest" time="0.0"/>
  <testcase name="porcentajeMayorCienDevuelveNegativo" classname="Junit.strategy.DiscountContextTest" time="0.0"/>
  <testcase name="applyWithNegativeTotals" classname="Junit.strategy.DiscountContextTest" time="0.0"/>
  <testcase name="multiplePercentageApplications" classname="Junit.strategy.DiscountContextTest" time="0.001"/>
  <testcase name="multipleCalculationsConMismaEstrategia" classname="Junit.strategy.DiscountContextTest" time="0.001"/>
  <testcase name="vipDescriptionContainsDollarSign" classname="Junit.strategy.DiscountContextTest" time="0.001"/>
  <testcase name="changeStrategyFromNullToNotNull" classname="Junit.strategy.DiscountContextTest" time="0.0"/>
  <testcase name="percentageWithLargeValues" classname="Junit.strategy.DiscountContextTest" time="0.0"/>
  <testcase name="percentageDescriptionFormat" classname="Junit.strategy.DiscountContextTest" time="0.001"/>
  <testcase name="vipWithVeryLargeValues" classname="Junit.strategy.DiscountContextTest" time="0.0"/>
  <testcase name="repeatedApplyVipIsStateless" classname="Junit.strategy.DiscountContextTest" time="0.001"/>
  <testcase name="vipWithNegativeThreshold" classname="Junit.strategy.DiscountContextTest" time="0.001"/>
  <testcase name="porcentajeNegativoIncrementaTotal" classname="Junit.strategy.DiscountContextTest" time="0.001"/>
  <testcase name="vipConstructorStoresValues" classname="Junit.strategy.DiscountContextTest" time="0.004">
    <failure message="expected: &lt;15.0&gt; but was: &lt;4250.0&gt;" type="org.opentest4j.AssertionFailedError"><![CDATA[org.opentest4j.AssertionFailedError: expected: <15.0> but was: <4250.0>
	at org.junit.jupiter.api.AssertionFailureBuilder.build(AssertionFailureBuilder.java:151)
	at org.junit.jupiter.api.AssertionFailureBuilder.buildAndThrow(AssertionFailureBuilder.java:132)
	at org.junit.jupiter.api.AssertEquals.failNotEqual(AssertEquals.java:197)
	at org.junit.jupiter.api.AssertEquals.assertEquals(AssertEquals.java:86)
	at org.junit.jupiter.api.AssertEquals.assertEquals(AssertEquals.java:81)
	at org.junit.jupiter.api.Assertions.assertEquals(Assertions.java:1010)
	at Junit.strategy.DiscountContextTest.vipConstructorStoresValues(DiscountContextTest.java:323)
	at java.base/java.lang.reflect.Method.invoke(Method.java:580)
	at java.base/java.util.ArrayList.forEach(ArrayList.java:1597)
	at java.base/java.util.ArrayList.forEach(ArrayList.java:1597)
]]></failure>
  </testcase>
  <testcase name="percentageWithDoubleMaxValue" classname="Junit.strategy.DiscountContextTest" time="0.001"/>
  <testcase name="percentagePreservesPrecision" classname="Junit.strategy.DiscountContextTest" time="0.001"/>
  <testcase name="vipWithZeroThresholdAppliesAlways" classname="Junit.strategy.DiscountContextTest" time="0.001"/>
</testsuite>