<?xml version="1.0" encoding="UTF-8"?>
<testsuite xmlns:xsi="http://www.w3.org/2001/XMLSchema-instance" xsi:noNamespaceSchemaLocation="https://maven.apache.org/surefire/maven-surefire-plugin/xsd/surefire-test-report-3.0.xsd" version="3.0" name="Junit.factoryMethod.FactoryMethodTest" time="0.159" tests="55" errors="0" skipped="0" failures="0">
  <properties>
[...]
</properties>
  <testcase name="brandMedicineToStringIncludesBrand" classname="Junit.factoryMethod.FactoryMethodTest" time="0.002"/>
  <testcase name="brandMedicineLaboratoryIsBrandField" classname="Junit.factoryMethod.FactoryMethodTest" time="0.001"/>
  <testcase name="createControlledMedicine_hasExpectedProperties" classname="Junit.factoryMethod.FactoryMethodTest" time="0.013"/>
  <testcase name="create100Medicines" classname="Junit.factoryMethod.FactoryMethodTest" time="0.003"/>
  <testcase name="createBrandWithEmptyBrand" classname="Junit.factoryMethod.FactoryMethodTest" time="0.001"/>
  <testcase name="medicinesWithPreciseFloatingPointPrice" classname="Junit.factoryMethod.FactoryMethodTest" time="0.001"/>
  <testcase name="differentMedicines_canHaveSamePrice" classname="Junit.factoryMethod.FactoryMethodTest" time="0.001"/>
  <testcase name="laboratoryAndBrandAreFieldNames" classname="Junit.factoryMethod.FactoryMethodTest" time="0.002"/>
  <testcase name="factoryConsoleRunWorks" classname="Junit.factoryMethod.FactoryMethodTest" time="0.007"/>
  <testcase name="sameNameDifferentTypesMakeDifferentInstances" classname="Junit.factoryMethod.FactoryMethodTest" time="0.001"/>
  <testcase name="controlledMedicineNullNamePreserves" classname="Junit.factoryMethod.FactoryMethodTest" time="0.001"/>
  <testcase name="sameNameAndLaboratoryGeneric" classname="Junit.factoryMethod.FactoryMethodTest" time="0.001"/>
  <testcase name="toStringNeverNull" classname="Junit.factoryMethod.FactoryMethodTest" time="0.002"/>
  <testcase name="createControlledWithEmptyCode" classname="Junit.factoryMethod.FactoryMethodTest" time="0.001"/>
  <testcase name="genericMedicineNullNamePreserves" classname="Junit.factoryMethod.FactoryMethodTest" time="0.001"/>
  <testcase name="decimalPrices_preserved" classname="Junit.factoryMethod.FactoryMethodTest" time="0.001"/>
  <testcase name="genericMedicineToStringIncludesLab" classname="Junit.factoryMethod.FactoryMethodTest" time="0.001"/>
  <testcase name="createBrandMedicine_hasExpectedProperties" classname="Junit.factoryMethod.FactoryMethodTest" time="0.001"/>
  <testcase name="complexLaboratoryPreservedExactly" classname="Junit.factoryMethod.FactoryMethodTest" time="0.001"/>
  <testcase name="verySmallPricesPreserved" classname="Junit.factoryMethod.FactoryMethodTest" time="0.0"/>
  <testcase name="longNamesAndLaboratories_areSupported" classname="Junit.factoryMethod.FactoryMethodTest" time="0.002"/>
  <testcase name="largNegativePricesPreserved" classname="Junit.factoryMethod.FactoryMethodTest" time="0.001"/>
  <testcase name="multipleInstances_areIndependent" classname="Junit.factoryMethod.FactoryMethodTest" time="0.001"/>
  <testcase name="controlledMedicineImplementsMedicine" classname="Junit.factoryMethod.FactoryMethodTest" time="0.003"/>
  <testcase name="brandMedicineNullNamePreserves" classname="Junit.factoryMethod.FactoryMethodTest" time="0.002"/>
  <testcase name="controlledLaboratory_returnsCodeHealth" classname="Junit.factoryMethod.FactoryMethodTest" time="0.002"/>
  <testcase name="controlledMedicineToString_containsCodeAndPrice" classname="Junit.factoryMethod.FactoryMethodTest" time="0.002"/>
  <testcase name="fcreatorTypeEnumHas4Values" classname="Junit.factoryMethod.FactoryMethodTest" time="0.002"/>
  <testcase name="createGenericWithEmptyLaboratory" classname="Junit.factoryMethod.FactoryMethodTest" time="0.002"/>
  <testcase name="brandMedicineImplementsMedicine" classname="Junit.factoryMethod.FactoryMethodTest" time="0.002"/>
  <testcase name="concurrentCreationWorks" classname="Junit.factoryMethod.FactoryMethodTest" time="0.014"/>
  <testcase name="complexNamesPreservedExactly" classname="Junit.factoryMethod.FactoryMethodTest" time="0.001"/>
  <testcase name="factoryCreatesIndependentInstances" classname="Junit.factoryMethod.FactoryMethodTest" time="0.002"/>
  <testcase name="toStringShowsCompleteInfo" classname="Junit.factoryMethod.FactoryMethodTest" time="0.001"/>
  <testcase name="createGenericMedicine_hasExpectedProperties" classname="Junit.factoryMethod.FactoryMethodTest" time="0.006"/>
  <testcase name="exactlyZeroPrice" classname="Junit.factoryMethod.FactoryMethodTest" time="0.002"/>
  <testcase name="genericMedicineImplementsMedicine" classname="Junit.factoryMethod.FactoryMethodTest" time="0.001"/>
  <testcase name="veryLargePricesPreserved" classname="Junit.factoryMethod.FactoryMethodTest" time="0.001"/>
  <testcase name="toStringContainsDollarSignForPrice" classname="Junit.factoryMethod.FactoryMethodTest" time="0.003"/>
  <testcase name="namesWithSpecialCharacters" classname="Junit.factoryMethod.FactoryMethodTest" time="0.002"/>
  <testcase name="unsupportedBrandedType_throwsIllegalArgumentException" classname="Junit.factoryMethod.FactoryMethodTest" time="0.002"/>
  <testcase name="genericMedicineToString_containsPriceAndName" classname="Junit.factoryMethod.FactoryMethodTest" time="0.001"/>
  <testcase name="getTypeNeverNull" classname="Junit.factoryMethod.FactoryMethodTest" time="0.002"/>
  <testcase name="nullType_throwsNullPointerException" classname="Junit.factoryMethod.FactoryMethodTest" time="0.002"/>
  <testcase name="typeStrings_areConsistent" classname="Junit.factoryMethod.FactoryMethodTest" time="0.002"/>
  <testcase name="getLaboratoryNeverNull" classname="Junit.factoryMethod.FactoryMethodTest" time="0.001"/>
  <testcase name="complexInvimaCodePreserved" classname="Junit.factoryMethod.FactoryMethodTest" time="0.001"/>
  <testcase name="isControlledOnlyTrueForControlled" classname="Junit.factoryMethod.FactoryMethodTest" time="0.001"/>
  <testcase name="createMultipleBrandMedicines" classname="Junit.factoryMethod.FactoryMethodTest" time="0.002"/>
  <testcase name="toStringContainsTypeIndicatorsForAllTypes" classname="Junit.factoryMethod.FactoryMethodTest" time="0.001"/>
  <testcase name="tinyPrice" classname="Junit.factoryMethod.FactoryMethodTest" time="0.001"/>
  <testcase name="controlledMedicineToStringIncludesInvima" classname="Junit.factoryMethod.FactoryMethodTest" time="0.001"/>
  <testcase name="createMultipleGenericMedicines" classname="Junit.factoryMethod.FactoryMethodTest" time="0.001"/>
  <testcase name="createMultipleControlledMedicines" classname="Junit.factoryMethod.FactoryMethodTest" time="0.001"/>
  <testcase name="negativeAndZeroPrices_areAcceptedAndPreserved" classname="Junit.factoryMethod.FactoryMethodTest" time="0.0"/>
</testsuite>