<?xml version="1.0" encoding="UTF-8"?>
<testsuite xmlns:xsi="http://www.w3.org/2001/XMLSchema-instance" xsi:noNamespaceSchemaLocation="https://maven.apache.org/surefire/maven-surefire-plugin/xsd/surefire-test-report-3.0.xsd" version="3.0" name="e2e.strategy.DiscountStrategyE2ETest" time="0.108" tests="37" errors="0" skipped="0" failures="3">
  <properties>
    <property name="java.specification.version" value="23"/>
    <property name="sun.cpu.isalist" value="amd64"/>
    <property name="sun.jnu.encoding" value="Cp1252"/>
    <property name="java.class.path" value="C:\Users\finea\OneDrive\Escritorio\patrones_farmacia\target\test-classes;C:\Users\finea\OneDrive\Escritorio\patrones_farmacia\target\classes;C:\Users\finea\.m2\repository\org\junit\jupiter\junit-jupiter-api\5.10.0\junit-jupiter-api-5.10.0.jar;C:\Users\finea\.m2\repository\org\opentest4j\opentest4j\1.3.0\opentest4j-1.3.0.jar;C:\Users\finea\.m2\repository\org\junit\platform\junit-platform-commons\1.10.0\junit-platform-commons-1.10.0.jar;C:\Users\finea\.m2\repository\org\apiguardian\apiguardian-api\1.1.2\apiguardian-api-1.1.2.jar;C:\Users\finea\.m2\repository\org\junit\jupiter\junit-jupiter-engine\5.10.0\junit-jupiter-engine-5.10.0.jar;C:\Users\finea\.m2\repository\org\junit\platform\junit-platform-engine\1.10.0\junit-platform-engine-1.10.0.jar;C:\Users\finea\.m2\repository\org\mockito\mockito-core\5.12.0\mockito-core-5.12.0.jar;C:\Users\finea\.m2\repository\net\bytebuddy\byte-buddy\1.14.15\byte-buddy-1.14.15.jar;C:\Users\finea\.m2\repository\net\bytebuddy\byte-buddy-agent\1.14.15\byte-buddy-agent-1.14.15.jar;C:\Users\finea\.m2\repository\org\objenesis\objenesis\3.3\objenesis-3.3.jar;C:\Users\finea\.m2\repository\org\mockito\mockito-junit-jupiter\5.12.0\mockito-junit-jupiter-5.12.0.jar;"/>
    <property name="java.vm.vendor" value="Oracle Corporation"/>
    <property name="sun.arch.data.model" value="64"/>
    <property name="user.variant" value=""/>
    <property name="java.vendor.url" value="https://java.oracle.com/"/>
    <property name="user.timezone" value="America/Bogota"/>
    <property name="os.name" value="Windows 11"/>
    <property name="java.vm.specification.version" value="23"/>
    <property name="sun.java.launcher" value="SUN_STANDARD"/>
    <property name="user.country" value="CO"/>
    <property name="sun.boot.library.path" value="C:\Program Files\Java\jdk-23\bin"/>
    <property name="sun.java.command" value="C:\Users\finea\AppData\Local\Temp\surefire16816295422539480841\surefirebooter-20251114175321872_3.jar C:\Users\finea\AppData\Local\Temp\surefire16816295422539480841 2025-11-14T17-53-21_565-jvmRun1 surefire-20251114175321872_1tmp surefire_0-20251114175321872_2tmp"/>
    <property name="jdk.debug" value="release"/>
    <property name="surefire.test.class.path" value="C:\Users\finea\OneDrive\Escritorio\patrones_farmacia\target\test-classes;C:\Users\finea\OneDrive\Escritorio\patrones_farmacia\target\classes;C:\Users\finea\.m2\repository\org\junit\jupiter\junit-jupiter-api\5.10.0\junit-jupiter-api-5.10.0.jar;C:\Users\finea\.m2\repository\org\opentest4j\opentest4j\1.3.0\opentest4j-1.3.0.jar;C:\Users\finea\.m2\repository\org\junit\platform\junit-platform-commons\1.10.0\junit-platform-commons-1.10.0.jar;C:\Users\finea\.m2\repository\org\apiguardian\apiguardian-api\1.1.2\apiguardian-api-1.1.2.jar;C:\Users\finea\.m2\repository\org\junit\jupiter\junit-jupiter-engine\5.10.0\junit-jupiter-engine-5.10.0.jar;C:\Users\finea\.m2\repository\org\junit\platform\junit-platform-engine\1.10.0\junit-platform-engine-1.10.0.jar;C:\Users\finea\.m2\repository\org\mockito\mockito-core\5.12.0\mockito-core-5.12.0.jar;C:\Users\finea\.m2\repository\net\bytebuddy\byte-buddy\1.14.15\byte-buddy-1.14.15.jar;C:\Users\finea\.m2\repository\net\bytebuddy\byte-buddy-agent\1.14.15\byte-buddy-agent-1.14.15.jar;C:\Users\finea\.m2\repository\org\objenesis\objenesis\3.3\objenesis-3.3.jar;C:\Users\finea\.m2\repository\org\mockito\mockito-junit-jupiter\5.12.0\mockito-junit-jupiter-5.12.0.jar;"/>
    <property name="sun.cpu.endian" value="little"/>
    <property name="user.home" value="C:\Users\finea"/>
    <property name="user.language" value="es"/>
    <property name="java.specification.vendor" value="Oracle Corporation"/>
    <property name="java.version.date" value="2025-01-21"/>
    <property name="java.home" value="C:\Program Files\Java\jdk-23"/>
    <property name="file.separator" value="\"/>
    <property name="basedir" value="C:\Users\finea\OneDrive\Escritorio\patrones_farmacia"/>
    <property name="java.vm.compressedOopsMode" value="Zero based"/>
    <property name="line.separator" value="&#10;"/>
    <property name="java.vm.specification.vendor" value="Oracle Corporation"/>
    <property name="java.specification.name" value="Java Platform API Specification"/>
    <property name="surefire.real.class.path" value="C:\Users\finea\AppData\Local\Temp\surefire16816295422539480841\surefirebooter-20251114175321872_3.jar"/>
    <property name="user.script" value=""/>
    <property name="sun.management.compiler" value="HotSpot 64-Bit Tiered Compilers"/>
    <property name="java.runtime.version" value="23.0.2+7-58"/>
    <property name="user.name" value="finea"/>
    <property name="stdout.encoding" value="Cp1252"/>
    <property name="path.separator" value=";"/>
    <property name="os.version" value="10.0"/>
    <property name="java.runtime.name" value="Java(TM) SE Runtime Environment"/>
    <property name="file.encoding" value="UTF-8"/>
    <property name="java.vm.name" value="Java HotSpot(TM) 64-Bit Server VM"/>
    <property name="localRepository" value="C:\Users\finea\.m2\repository"/>
    <property name="java.vendor.url.bug" value="https://bugreport.java.com/bugreport/"/>
    <property name="java.io.tmpdir" value="C:\Users\finea\AppData\Local\Temp\"/>
    <property name="java.version" value="23.0.2"/>
    <property name="user.dir" value="C:\Users\finea\OneDrive\Escritorio\patrones_farmacia"/>
    <property name="os.arch" value="amd64"/>
    <property name="java.vm.specification.name" value="Java Virtual Machine Specification"/>
    <property name="sun.os.patch.level" value=""/>
    <property name="native.encoding" value="Cp1252"/>
    <property name="java.library.path" value="C:\Program Files\Java\jdk-23\bin;C:\Windows\Sun\Java\bin;C:\Windows\system32;C:\Windows;c:\Users\finea\AppData\Roaming\Code\User\globalStorage\github.copilot-chat\debugCommand;c:\Users\finea\AppData\Roaming\Code\User\globalStorage\github.copilot-chat\copilotCli;C:\Program Files\Common Files\Oracle\Java\javapath;C:\Program Files (x86)\Common Files\Oracle\Java\java8path;C:\Program Files (x86)\Common Files\Oracle\Java\javapath;C:\Windows\system32;C:\Windows;C:\Windows\System32\Wbem;C:\Windows\System32\WindowsPowerShell\v1.0\;C:\Windows\System32\OpenSSH\;C:\Program Files\nodejs\;C:\Program Files\dotnet\;C:\Program Files\Git\cmd;C:\Users\finea\Downloads\maven\apache-maven-3.9.11-bin\apache-maven-3.9.11\bin;C:\Users\finea\AppData\Local\Programs\Python\Launcher\;C:\Users\finea\AppData\Local\Microsoft\WindowsApps;C:\Users\finea\AppData\Local\Programs\Microsoft VS Code\bin;C:\Users\finea\AppData\Roaming\npm;C:\Users\finea\.dotnet\tools;c:\Users\finea\.vscode\extensions\vscjava.vscode-java-debug-0.58.3\bundled\scripts\noConfigScripts;."/>
    <property name="java.vm.info" value="mixed mode, sharing"/>
    <property name="stderr.encoding" value="Cp1252"/>
    <property name="java.vendor" value="Oracle Corporation"/>
    <property name="java.vm.version" value="23.0.2+7-58"/>
    <property name="sun.io.unicode.encoding" value="UnicodeLittle"/>
    <property name="java.class.version" value="67.0"/>
  </properties>
  <testcase name="multipleCombinationsStress" classname="e2e.strategy.DiscountStrategyE2ETest" time="0.008"/>
  <testcase name="multipleContextsIndependence" classname="e2e.strategy.DiscountStrategyE2ETest" time="0.002"/>
  <testcase name="percentageNegative" classname="e2e.strategy.DiscountStrategyE2ETest" time="0.002"/>
  <testcase name="percentageStatelessBetweenCalls" classname="e2e.strategy.DiscountStrategyE2ETest" time="0.002"/>
  <testcase name="vipNegativeThresholdAlwaysApplies" classname="e2e.strategy.DiscountStrategyE2ETest" time="0.001"/>
  <testcase name="percentage10" classname="e2e.strategy.DiscountStrategyE2ETest" time="0.004"/>
  <testcase name="precisionAndRoundingSanity" classname="e2e.strategy.DiscountStrategyE2ETest" time="0.003"/>
  <testcase name="noDiscountReturnsSame" classname="e2e.strategy.DiscountStrategyE2ETest" time="0.003"/>
  <testcase name="repeatedCallsNoSideEffects" classname="e2e.strategy.DiscountStrategyE2ETest" time="0.002"/>
  <testcase name="vipBelowThreshold" classname="e2e.strategy.DiscountStrategyE2ETest" time="0.001"/>
  <testcase name="percentageFull" classname="e2e.strategy.DiscountStrategyE2ETest" time="0.001"/>
  <testcase name="percentageZero" classname="e2e.strategy.DiscountStrategyE2ETest" time="0.002"/>
  <testcase name="percentageOver100" classname="e2e.strategy.DiscountStrategyE2ETest" time="0.003">
    <failure message="expected: &lt;-1250.0&gt; but was: &lt;-250.0&gt;" type="org.opentest4j.AssertionFailedError"><![CDATA[org.opentest4j.AssertionFailedError: expected: <-1250.0> but was: <-250.0>
	at org.junit.jupiter.api.AssertionFailureBuilder.build(AssertionFailureBuilder.java:151)
	at org.junit.jupiter.api.AssertionFailureBuilder.buildAndThrow(AssertionFailureBuilder.java:132)
	at org.junit.jupiter.api.AssertEquals.failNotEqual(AssertEquals.java:197)
	at org.junit.jupiter.api.AssertEquals.assertEquals(AssertEquals.java:86)
	at org.junit.jupiter.api.AssertEquals.assertEquals(AssertEquals.java:81)
	at org.junit.jupiter.api.Assertions.assertEquals(Assertions.java:1010)
	at e2e.strategy.DiscountStrategyE2ETest.percentageOver100(DiscountStrategyE2ETest.java:66)
	at java.base/java.lang.reflect.Method.invoke(Method.java:580)
	at java.base/java.util.ArrayList.forEach(ArrayList.java:1597)
	at java.base/java.util.ArrayList.forEach(ArrayList.java:1597)
]]></failure>
  </testcase>
  <testcase name="vipRateOver100" classname="e2e.strategy.DiscountStrategyE2ETest" time="0.001"/>
  <testcase name="vipZeroRate" classname="e2e.strategy.DiscountStrategyE2ETest" time="0.001"/>
  <testcase name="manyDecimalPercentageAccuracy" classname="e2e.strategy.DiscountStrategyE2ETest" time="0.0"/>
  <testcase name="vipAtThreshold" classname="e2e.strategy.DiscountStrategyE2ETest" time="0.001"/>
  <testcase name="describeForAllStrategies" classname="e2e.strategy.DiscountStrategyE2ETest" time="0.001"/>
  <testcase name="descriptionNotNull" classname="e2e.strategy.DiscountStrategyE2ETest" time="0.003"/>
  <testcase name="negativeTotalsBehavior" classname="e2e.strategy.DiscountStrategyE2ETest" time="0.003">
    <failure message="expected: &lt;-50.0&gt; but was: &lt;-100.0&gt;" type="org.opentest4j.AssertionFailedError"><![CDATA[org.opentest4j.AssertionFailedError: expected: <-50.0> but was: <-100.0>
	at org.junit.jupiter.api.AssertionFailureBuilder.build(AssertionFailureBuilder.java:151)
	at org.junit.jupiter.api.AssertionFailureBuilder.buildAndThrow(AssertionFailureBuilder.java:132)
	at org.junit.jupiter.api.AssertEquals.failNotEqual(AssertEquals.java:197)
	at org.junit.jupiter.api.AssertEquals.assertEquals(AssertEquals.java:86)
	at org.junit.jupiter.api.AssertEquals.assertEquals(AssertEquals.java:81)
	at org.junit.jupiter.api.Assertions.assertEquals(Assertions.java:1010)
	at e2e.strategy.DiscountStrategyE2ETest.negativeTotalsBehavior(DiscountStrategyE2ETest.java:298)
	at java.base/java.lang.reflect.Method.invoke(Method.java:580)
	at java.base/java.util.ArrayList.forEach(ArrayList.java:1597)
	at java.base/java.util.ArrayList.forEach(ArrayList.java:1597)
]]></failure>
  </testcase>
  <testcase name="tinyValuesAndLimits" classname="e2e.strategy.DiscountStrategyE2ETest" time="0.001"/>
  <testcase name="changeStrategiesMultipleTimes" classname="e2e.strategy.DiscountStrategyE2ETest" time="0.001"/>
  <testcase name="extensiveCombinationCoverage" classname="e2e.strategy.DiscountStrategyE2ETest" time="0.004"/>
  <testcase name="extremeDoubleValuesDontThrow" classname="e2e.strategy.DiscountStrategyE2ETest" time="0.004"/>
  <testcase name="rapidStrategySwap" classname="e2e.strategy.DiscountStrategyE2ETest" time="0.001"/>
  <testcase name="vipAboveThreshold" classname="e2e.strategy.DiscountStrategyE2ETest" time="0.001"/>
  <testcase name="lightStressManyOperations" classname="e2e.strategy.DiscountStrategyE2ETest" time="0.001"/>
  <testcase name="descriptionsContainInfo" classname="e2e.strategy.DiscountStrategyE2ETest" time="0.001"/>
  <testcase name="vipManyThresholdsAndRates" classname="e2e.strategy.DiscountStrategyE2ETest" time="0.002"/>
  <testcase name="zeroAndVeryLargeTotals" classname="e2e.strategy.DiscountStrategyE2ETest" time="0.001"/>
  <testcase name="decimalFormattingIndependence" classname="e2e.strategy.DiscountStrategyE2ETest" time="0.001"/>
  <testcase name="nanAndNullStrategy" classname="e2e.strategy.DiscountStrategyE2ETest" time="0.001"/>
  <testcase name="vipDecimalThresholdAndRate" classname="e2e.strategy.DiscountStrategyE2ETest" time="0.001"/>
  <testcase name="nullStrategyAssignment" classname="e2e.strategy.DiscountStrategyE2ETest" time="0.0"/>
  <testcase name="edgeValuesForPercentAndThreshold" classname="e2e.strategy.DiscountStrategyE2ETest" time="0.0"/>
  <testcase name="alternateStrategiesInLoop" classname="e2e.strategy.DiscountStrategyE2ETest" time="0.001"/>
  <testcase name="percentageDecimal" classname="e2e.strategy.DiscountStrategyE2ETest" time="0.002">
    <failure message="expected: &lt;true&gt; but was: &lt;false&gt;" type="org.opentest4j.AssertionFailedError"><![CDATA[org.opentest4j.AssertionFailedError: expected: <true> but was: <false>
	at org.junit.jupiter.api.AssertionFailureBuilder.build(AssertionFailureBuilder.java:151)
	at org.junit.jupiter.api.AssertionFailureBuilder.buildAndThrow(AssertionFailureBuilder.java:132)
	at org.junit.jupiter.api.AssertTrue.failNotTrue(AssertTrue.java:63)
	at org.junit.jupiter.api.AssertTrue.assertTrue(AssertTrue.java:36)
	at org.junit.jupiter.api.AssertTrue.assertTrue(AssertTrue.java:31)
	at org.junit.jupiter.api.Assertions.assertTrue(Assertions.java:179)
	at e2e.strategy.DiscountStrategyE2ETest.percentageDecimal(DiscountStrategyE2ETest.java:45)
	at java.base/java.lang.reflect.Method.invoke(Method.java:580)
	at java.base/java.util.ArrayList.forEach(ArrayList.java:1597)
	at java.base/java.util.ArrayList.forEach(ArrayList.java:1597)
]]></failure>
  </testcase>
</testsuite>