<?xml version="1.0" encoding="UTF-8"?>
<testsuite xmlns:xsi="http://www.w3.org/2001/XMLSchema-instance" xsi:noNamespaceSchemaLocation="https://maven.apache.org/surefire/maven-surefire-plugin/xsd/surefire-test-report-3.0.xsd" version="3.0" name="Junit.observer.InventorySubjectTest" time="2.759" tests="41" errors="1" skipped="0" failures="2">
  <properties>
[...]
</properties>
  <testcase name="inventoryControllerIntegracion" classname="Junit.observer.InventorySubjectTest" time="2.551">
    <system-err><![CDATA[WARNING: A Java agent has been loaded dynamically (C:\Users\finea\.m2\repository\net\bytebuddy\byte-buddy-agent\1.14.15\byte-buddy-agent-1.14.15.jar)
WARNING: If a serviceability tool is in use, please run with -XX:+EnableDynamicAgentLoading to hide this warning
WARNING: If a serviceability tool is not in use, please run with -Djdk.instrument.traceUsage for more information
WARNING: Dynamic loading of agents will be disallowed by default in a future release
]]></system-err>
  </testcase>
  <testcase name="lowStockIncluyeIgualAlUmbral" classname="Junit.observer.InventorySubjectTest" time="0.002"/>
  <testcase name="setMinThresholdCambiaUmbral" classname="Junit.observer.InventorySubjectTest" time="0.067"/>
  <testcase name="increaseStockActualizaCorrectamente" classname="Junit.observer.InventorySubjectTest" time="0.001"/>
  <testcase name="lowStockProductsReturnsDefensiveCopy" classname="Junit.observer.InventorySubjectTest" time="0.001"/>
  <testcase name="debeNotificarCuandoStockEstaBajo" classname="Junit.observer.InventorySubjectTest" time="0.003"/>
  <testcase name="multipleAddsAndReducesMaintainConsistency" classname="Junit.observer.InventorySubjectTest" time="0.002"/>
  <testcase name="aumentarStockCaseInsensitive" classname="Junit.observer.InventorySubjectTest" time="0.001"/>
  <testcase name="getAllProductNamesRetornaCopia" classname="Junit.observer.InventorySubjectTest" time="0.001"/>
  <testcase name="removeAndAddObserversWorks" classname="Junit.observer.InventorySubjectTest" time="0.006"/>
  <testcase name="getStockLevelRetornaMinusOneParaInexistente" classname="Junit.observer.InventorySubjectTest" time="0.001"/>
  <testcase name="debeNotificarMultiplesVecesSiStockBajaRepetidamente" classname="Junit.observer.InventorySubjectTest" time="0.003"/>
  <testcase name="modifyingReturnedAllNamesDoesNotAffectSubject" classname="Junit.observer.InventorySubjectTest" time="0.001"/>
  <testcase name="emailYSmsAlertImprimenEnUpdate" classname="Junit.observer.InventorySubjectTest" time="0.001"/>
  <testcase name="lowStockProductsEmptyWhenNoneBelowThreshold" classname="Junit.observer.InventorySubjectTest" time="0.0"/>
  <testcase name="getSetThresholdFuncionan" classname="Junit.observer.InventorySubjectTest" time="0.001"/>
  <testcase name="debeNotificarCuandoStockEsIgualAlUmbral" classname="Junit.observer.InventorySubjectTest" time="0.002"/>
  <testcase name="constructorIgnoraParametroYDejaDefault" classname="Junit.observer.InventorySubjectTest" time="0.001"/>
  <testcase name="manyRapidAddsMaintainConsistency" classname="Junit.observer.InventorySubjectTest" time="0.001"/>
  <testcase name="getAllProductNamesDevuelveNombres" classname="Junit.observer.InventorySubjectTest" time="0.001"/>
  <testcase name="addObserverNoDuplica" classname="Junit.observer.InventorySubjectTest" time="0.003"/>
  <testcase name="addProductWithZeroStockIsRegisteredAndLow" classname="Junit.observer.InventorySubjectTest" time="0.001"/>
  <testcase name="reduceStockInexistenteImprime" classname="Junit.observer.InventorySubjectTest" time="0.001"/>
  <testcase name="increaseStockInexistenteImprime" classname="Junit.observer.InventorySubjectTest" time="0.001"/>
  <testcase name="debeNotificarAMultiplesObservadores" classname="Junit.observer.InventorySubjectTest" time="0.001"/>
  <testcase name="getLowStockProductsListaCorrectamente" classname="Junit.observer.InventorySubjectTest" time="0.001"/>
  <testcase name="noDebeNotificarCuandoStockEsNormal" classname="Junit.observer.InventorySubjectTest" time="0.003"/>
  <testcase name="reduceZeroDoesNotNotify" classname="Junit.observer.InventorySubjectTest" time="0.002"/>
  <testcase name="noDebeNotificarDespuesDeRemoverObservador" classname="Junit.observer.InventorySubjectTest" time="0.002"/>
  <testcase name="setMinThresholdExtremos" classname="Junit.observer.InventorySubjectTest" time="0.026">
    <failure message="&#10;farmaObserver.update(&quot;Ex2&quot;, &lt;any integer&gt;);&#10;Never wanted here:&#10;-&gt; at Junit.observer.InventorySubjectTest.setMinThresholdExtremos(InventorySubjectTest.java:250)&#10;But invoked here:&#10;-&gt; at patrones_farmacia.observer.model.InventorySubject.notifyObservers(InventorySubject.java:31) with arguments: [Ex2, 499]&#10;" type="org.mockito.exceptions.verification.NeverWantedButInvoked"><![CDATA[org.mockito.exceptions.verification.NeverWantedButInvoked: 

farmaObserver.update("Ex2", <any integer>);
Never wanted here:
-> at Junit.observer.InventorySubjectTest.setMinThresholdExtremos(InventorySubjectTest.java:250)
But invoked here:
-> at patrones_farmacia.observer.model.InventorySubject.notifyObservers(InventorySubject.java:31) with arguments: [Ex2, 499]

	at Junit.observer.InventorySubjectTest.setMinThresholdExtremos(InventorySubjectTest.java:250)
	at java.base/java.lang.reflect.Method.invoke(Method.java:580)
	at java.base/java.util.ArrayList.forEach(ArrayList.java:1597)
	at java.base/java.util.ArrayList.forEach(ArrayList.java:1597)
]]></failure>
  </testcase>
  <testcase name="removeObserverNoRegistradoNoFalla" classname="Junit.observer.InventorySubjectTest" time="0.002"/>
  <testcase name="addObserverNullIsIgnored" classname="Junit.observer.InventorySubjectTest" time="0.002">
    <error message="Cannot invoke &quot;patrones_farmacia.observer.model.FarmaObserver.update(String, int)&quot; because &quot;obs&quot; is null" type="java.lang.NullPointerException"><![CDATA[java.lang.NullPointerException: Cannot invoke "patrones_farmacia.observer.model.FarmaObserver.update(String, int)" because "obs" is null
	at patrones_farmacia.observer.model.InventorySubject.notifyObservers(InventorySubject.java:31)
	at patrones_farmacia.observer.model.InventorySubject.reduceStock(InventorySubject.java:48)
	at Junit.observer.InventorySubjectTest.addObserverNullIsIgnored(InventorySubjectTest.java:380)
	at java.base/java.lang.reflect.Method.invoke(Method.java:580)
	at java.base/java.util.ArrayList.forEach(ArrayList.java:1597)
	at java.base/java.util.ArrayList.forEach(ArrayList.java:1597)
]]></error>
  </testcase>
  <testcase name="inventoryConsoleRunExitOption" classname="Junit.observer.InventorySubjectTest" time="0.004"/>
  <testcase name="reduccionNegativaDejaEnCeroYNotifica" classname="Junit.observer.InventorySubjectTest" time="0.001"/>
  <testcase name="concurrentAddAndReduceOperations" classname="Junit.observer.InventorySubjectTest" time="0.006"/>
  <testcase name="reducirStockCaseInsensitive" classname="Junit.observer.InventorySubjectTest" time="0.002"/>
  <testcase name="negativeIncreaseIsIgnored" classname="Junit.observer.InventorySubjectTest" time="0.002">
    <failure message="expected: &lt;5&gt; but was: &lt;2&gt;" type="org.opentest4j.AssertionFailedError"><![CDATA[org.opentest4j.AssertionFailedError: expected: <5> but was: <2>
	at org.junit.jupiter.api.AssertionFailureBuilder.build(AssertionFailureBuilder.java:151)
	at org.junit.jupiter.api.AssertionFailureBuilder.buildAndThrow(AssertionFailureBuilder.java:132)
	at org.junit.jupiter.api.AssertEquals.failNotEqual(AssertEquals.java:197)
	at org.junit.jupiter.api.AssertEquals.assertEquals(AssertEquals.java:150)
	at org.junit.jupiter.api.AssertEquals.assertEquals(AssertEquals.java:145)
	at org.junit.jupiter.api.Assertions.assertEquals(Assertions.java:527)
	at Junit.observer.InventorySubjectTest.negativeIncreaseIsIgnored(InventorySubjectTest.java:372)
	at java.base/java.lang.reflect.Method.invoke(Method.java:580)
	at java.base/java.util.ArrayList.forEach(ArrayList.java:1597)
	at java.base/java.util.ArrayList.forEach(ArrayList.java:1597)
]]></failure>
  </testcase>
  <testcase name="observersNotifiedInRegistrationOrder" classname="Junit.observer.InventorySubjectTest" time="0.016"/>
  <testcase name="agregarMismoProductoVariasVeces" classname="Junit.observer.InventorySubjectTest" time="0.005"/>
  <testcase name="toStringAlertsIncluyeIdentificador" classname="Junit.observer.InventorySubjectTest" time="0.002"/>
  <testcase name="muchosProductosMantienenConsistencia" classname="Junit.observer.InventorySubjectTest" time="0.002"/>
</testsuite>