<?xml version="1.0" encoding="UTF-8"?>
<testsuite xmlns:xsi="http://www.w3.org/2001/XMLSchema-instance" xsi:noNamespaceSchemaLocation="https://maven.apache.org/surefire/maven-surefire-plugin/xsd/surefire-test-report-3.0.xsd" version="3.0" name="Junit.command.CashierInvokerTest" time="0.194" tests="58" errors="0" skipped="0" failures="1">
  <properties>
[...]
</properties>
  <testcase name="cancelCommandConstructorStoresValues" classname="Junit.command.CashierInvokerTest" time="0.002"/>
  <testcase name="multipleReturnsInSameSale" classname="Junit.command.CashierInvokerTest" time="0.002"/>
  <testcase name="noDebeFallarAlDeshacerSinHistorial" classname="Junit.command.CashierInvokerTest" time="0.002"/>
  <testcase name="registerUndoRemovesSale" classname="Junit.command.CashierInvokerTest" time="0.002"/>
  <testcase name="concurrentCommandExecution" classname="Junit.command.CashierInvokerTest" time="0.006"/>
  <testcase name="debeEjecutarFlujoRegistrarDevolverCancelar" classname="Junit.command.CashierInvokerTest" time="0.002"/>
  <testcase name="emptyPurchaseCanBeRegistered" classname="Junit.command.CashierInvokerTest" time="0.002"/>
  <testcase name="registerCommandConstructorStoresValues" classname="Junit.command.CashierInvokerTest" time="0.001"/>
  <testcase name="registerSalePrintsMessage" classname="Junit.command.CashierInvokerTest" time="0.001"/>
  <testcase name="returnEachMedicineFromMultiItemSale" classname="Junit.command.CashierInvokerTest" time="0.003"/>
  <testcase name="returnProductNotFoundNoThrow" classname="Junit.command.CashierInvokerTest" time="0.007"/>
  <testcase name="commandConsoleRunExecutes" classname="Junit.command.CashierInvokerTest" time="0.006"/>
  <testcase name="registerSaleAddsToList" classname="Junit.command.CashierInvokerTest" time="0.001"/>
  <testcase name="showHistoryMultipleTimesConsistent" classname="Junit.command.CashierInvokerTest" time="0.002"/>
  <testcase name="debeEjecutarSecuenciaRapidaDeRegistros" classname="Junit.command.CashierInvokerTest" time="0.003"/>
  <testcase name="debeAlternarRegistrarYCancelar" classname="Junit.command.CashierInvokerTest" time="0.004"/>
  <testcase name="executeCommandAddsToHistory" classname="Junit.command.CashierInvokerTest" time="0.001"/>
  <testcase name="returnProductFindMedicineNameCaseInsensitive" classname="Junit.command.CashierInvokerTest" time="0.001"/>
  <testcase name="caseInsensitivityWorks50Sales" classname="Junit.command.CashierInvokerTest" time="0.002"/>
  <testcase name="commandInterfaceMethodsCanExecute" classname="Junit.command.CashierInvokerTest" time="0.007"/>
  <testcase name="undoTenCommandsConsecutive" classname="Junit.command.CashierInvokerTest" time="0.003"/>
  <testcase name="multipleSalesSameCustomer" classname="Junit.command.CashierInvokerTest" time="0.001"/>
  <testcase name="debeAlmacenarHistorialDeComandos" classname="Junit.command.CashierInvokerTest" time="0.001"/>
  <testcase name="cancelCommandUndoPrintsMessage" classname="Junit.command.CashierInvokerTest" time="0.001"/>
  <testcase name="getAllSalesReturnsCorrectReference" classname="Junit.command.CashierInvokerTest" time="0.003"/>
  <testcase name="cancelSaleWithControlledMedicines" classname="Junit.command.CashierInvokerTest" time="0.002"/>
  <testcase name="returnProductNotFoundReturnsFalse" classname="Junit.command.CashierInvokerTest" time="0.002"/>
  <testcase name="cancelSaleNotFoundReturnsFalse" classname="Junit.command.CashierInvokerTest" time="0.002"/>
  <testcase name="debeDevolverProductoExistente" classname="Junit.command.CashierInvokerTest" time="0.003"/>
  <testcase name="searchNonexistentReturnsFalseNoThrow" classname="Junit.command.CashierInvokerTest" time="0.002"/>
  <testcase name="cancelSaleFindByIdCaseInsensitive" classname="Junit.command.CashierInvokerTest" time="0.002"/>
  <testcase name="returnCommandExecuteAndUndoDifferent" classname="Junit.command.CashierInvokerTest" time="0.001"/>
  <testcase name="registerExecuteThenUndoRestoresState" classname="Junit.command.CashierInvokerTest" time="0.001"/>
  <testcase name="noDebeDevolverProductoInexistente" classname="Junit.command.CashierInvokerTest" time="0.001"/>
  <testcase name="debeCancelarVentaExistente" classname="Junit.command.CashierInvokerTest" time="0.001"/>
  <testcase name="returnProductPrintsMessageWhenSuccess" classname="Junit.command.CashierInvokerTest" time="0.001"/>
  <testcase name="debeDeshacerUltimoComando" classname="Junit.command.CashierInvokerTest" time="0.002"/>
  <testcase name="cancelSalePrintsMessageWhenSuccess" classname="Junit.command.CashierInvokerTest" time="0.002"/>
  <testcase name="saleWith100ItemsCanProcess" classname="Junit.command.CashierInvokerTest" time="0.002"/>
  <testcase name="returnProductUndoPrintsMessage" classname="Junit.command.CashierInvokerTest" time="0.002"/>
  <testcase name="registerDifferentMedicineTypes" classname="Junit.command.CashierInvokerTest" time="0.002"/>
  <testcase name="returnProductRemovesOnlyOneOccurrence" classname="Junit.command.CashierInvokerTest" time="0.002"/>
  <testcase name="undoLastEmptyHistoryPrintsMessage" classname="Junit.command.CashierInvokerTest" time="0.003"/>
  <testcase name="undoLastRemovesFromHistory" classname="Junit.command.CashierInvokerTest" time="0.007"/>
  <testcase name="returnCommandConstructorStoresValues" classname="Junit.command.CashierInvokerTest" time="0.002"/>
  <testcase name="commandConsoleMainExecutes" classname="Junit.command.CashierInvokerTest" time="0.006"/>
  <testcase name="saleReceiverInitWithEmptySales" classname="Junit.command.CashierInvokerTest" time="0.002"/>
  <testcase name="showHistoryPrintsCorrectCount" classname="Junit.command.CashierInvokerTest" time="0.001"/>
  <testcase name="cancelCommandExecuteAndUndoDifferent" classname="Junit.command.CashierInvokerTest" time="0.001"/>
  <testcase name="debeMostrarErrorAlCancelarVentaInexistente" classname="Junit.command.CashierInvokerTest" time="0.002"/>
  <testcase name="returnProductFindBySaleIdCaseInsensitive" classname="Junit.command.CashierInvokerTest" time="0.002"/>
  <testcase name="debeRegistrarVentaCorrectamente" classname="Junit.command.CashierInvokerTest" time="0.004"/>
  <testcase name="saleWithVeryLongId" classname="Junit.command.CashierInvokerTest" time="0.002"/>
  <testcase name="invokerWithAlternatingCommands" classname="Junit.command.CashierInvokerTest" time="0.003">
    <failure message="expected: &lt;0&gt; but was: &lt;1&gt;" type="org.opentest4j.AssertionFailedError"><![CDATA[org.opentest4j.AssertionFailedError: expected: <0> but was: <1>
	at org.junit.jupiter.api.AssertionFailureBuilder.build(AssertionFailureBuilder.java:151)
	at org.junit.jupiter.api.AssertionFailureBuilder.buildAndThrow(AssertionFailureBuilder.java:132)
	at org.junit.jupiter.api.AssertEquals.failNotEqual(AssertEquals.java:197)
	at org.junit.jupiter.api.AssertEquals.assertEquals(AssertEquals.java:150)
	at org.junit.jupiter.api.AssertEquals.assertEquals(AssertEquals.java:145)
	at org.junit.jupiter.api.Assertions.assertEquals(Assertions.java:527)
	at Junit.command.CashierInvokerTest.invokerWithAlternatingCommands(CashierInvokerTest.java:633)
	at java.base/java.lang.reflect.Method.invoke(Method.java:580)
	at java.base/java.util.ArrayList.forEach(ArrayList.java:1597)
	at java.base/java.util.ArrayList.forEach(ArrayList.java:1597)
]]></failure>
  </testcase>
  <testcase name="invokerExecutes20Commands" classname="Junit.command.CashierInvokerTest" time="0.002"/>
  <testcase name="cashierInvokerInitWithEmptyHistory" classname="Junit.command.CashierInvokerTest" time="0.002"/>
  <testcase name="customerWithVeryLongName" classname="Junit.command.CashierInvokerTest" time="0.003"/>
  <testcase name="cancelSaleIsCaseInsensitive" classname="Junit.command.CashierInvokerTest" time="0.001"/>
</testsuite>